[0.173s] Invoking command in '/home/sv/ros/software/onboard/ros_workspace/build/warehouse_scanning': CMAKE_PREFIX_PATH=${CMAKE_PREFIX_PATH}:/opt/ros/jazzy DEBUGINFOD_URLS=https://debuginfod.ubuntu.com /usr/bin/cmake /home/sv/ros/software/onboard/ros_workspace/src/warehouse_scanning -DCMAKE_INSTALL_PREFIX=/home/sv/ros/software/onboard/ros_workspace/install/warehouse_scanning
[0.225s] -- The C compiler identification is GNU 13.3.0
[0.272s] -- The CXX compiler identification is GNU 13.3.0
[0.288s] -- Detecting C compiler ABI info
[0.367s] -- Detecting C compiler ABI info - done
[0.375s] -- Check for working C compiler: /usr/bin/cc - skipped
[0.376s] -- Detecting C compile features
[0.376s] -- Detecting C compile features - done
[0.386s] -- Detecting CXX compiler ABI info
[0.484s] -- Detecting CXX compiler ABI info - done
[0.495s] -- Check for working CXX compiler: /usr/bin/c++ - skipped
[0.496s] -- Detecting CXX compile features
[0.496s] -- Detecting CXX compile features - done
[0.503s] -- Found ament_cmake: 2.5.4 (/opt/ros/jazzy/share/ament_cmake/cmake)
[0.646s] -- Found Python3: /usr/bin/python3 (found version "3.12.3") found components: Interpreter 
[0.766s] -- Found ament_lint_auto: 0.17.3 (/opt/ros/jazzy/share/ament_lint_auto/cmake)
[0.880s] -- Added test 'lint_cmake' to check CMake code style
[0.882s] -- Added test 'xmllint' to check XML markup files
[0.887s] -- Configuring done (0.7s)
[0.890s] -- Generating done (0.0s)
[0.891s] -- Build files have been written to: /home/sv/ros/software/onboard/ros_workspace/build/warehouse_scanning
[0.897s] Invoked command in '/home/sv/ros/software/onboard/ros_workspace/build/warehouse_scanning' returned '0': CMAKE_PREFIX_PATH=${CMAKE_PREFIX_PATH}:/opt/ros/jazzy DEBUGINFOD_URLS=https://debuginfod.ubuntu.com /usr/bin/cmake /home/sv/ros/software/onboard/ros_workspace/src/warehouse_scanning -DCMAKE_INSTALL_PREFIX=/home/sv/ros/software/onboard/ros_workspace/install/warehouse_scanning
[0.898s] Invoking command in '/home/sv/ros/software/onboard/ros_workspace/build/warehouse_scanning': CMAKE_PREFIX_PATH=${CMAKE_PREFIX_PATH}:/opt/ros/jazzy DEBUGINFOD_URLS=https://debuginfod.ubuntu.com /usr/bin/cmake --build /home/sv/ros/software/onboard/ros_workspace/build/warehouse_scanning -- -j16 -l16
[0.994s] Invoked command in '/home/sv/ros/software/onboard/ros_workspace/build/warehouse_scanning' returned '0': CMAKE_PREFIX_PATH=${CMAKE_PREFIX_PATH}:/opt/ros/jazzy DEBUGINFOD_URLS=https://debuginfod.ubuntu.com /usr/bin/cmake --build /home/sv/ros/software/onboard/ros_workspace/build/warehouse_scanning -- -j16 -l16
[0.995s] Invoking command in '/home/sv/ros/software/onboard/ros_workspace/build/warehouse_scanning': CMAKE_PREFIX_PATH=${CMAKE_PREFIX_PATH}:/opt/ros/jazzy DEBUGINFOD_URLS=https://debuginfod.ubuntu.com /usr/bin/cmake --install /home/sv/ros/software/onboard/ros_workspace/build/warehouse_scanning
[1.021s] -- Install configuration: ""
[1.021s] -- Installing: /home/sv/ros/software/onboard/ros_workspace/install/warehouse_scanning/share/ament_index/resource_index/package_run_dependencies/warehouse_scanning
[1.022s] -- Installing: /home/sv/ros/software/onboard/ros_workspace/install/warehouse_scanning/share/ament_index/resource_index/parent_prefix_path/warehouse_scanning
[1.022s] -- Installing: /home/sv/ros/software/onboard/ros_workspace/install/warehouse_scanning/share/warehouse_scanning/environment/ament_prefix_path.sh
[1.025s] -- Installing: /home/sv/ros/software/onboard/ros_workspace/install/warehouse_scanning/share/warehouse_scanning/environment/ament_prefix_path.dsv
[1.025s] -- Installing: /home/sv/ros/software/onboard/ros_workspace/install/warehouse_scanning/share/warehouse_scanning/environment/path.sh
[1.025s] -- Installing: /home/sv/ros/software/onboard/ros_workspace/install/warehouse_scanning/share/warehouse_scanning/environment/path.dsv
[1.025s] -- Installing: /home/sv/ros/software/onboard/ros_workspace/install/warehouse_scanning/share/warehouse_scanning/local_setup.bash
[1.027s] -- Installing: /home/sv/ros/software/onboard/ros_workspace/install/warehouse_scanning/share/warehouse_scanning/local_setup.sh
[1.028s] -- Installing: /home/sv/ros/software/onboard/ros_workspace/install/warehouse_scanning/share/warehouse_scanning/local_setup.zsh
[1.029s] -- Installing: /home/sv/ros/software/onboard/ros_workspace/install/warehouse_scanning/share/warehouse_scanning/local_setup.dsv
[1.033s] -- Installing: /home/sv/ros/software/onboard/ros_workspace/install/warehouse_scanning/share/warehouse_scanning/package.dsv
[1.033s] -- Installing: /home/sv/ros/software/onboard/ros_workspace/install/warehouse_scanning/share/ament_index/resource_index/packages/warehouse_scanning
[1.033s] -- Installing: /home/sv/ros/software/onboard/ros_workspace/install/warehouse_scanning/share/warehouse_scanning/cmake/warehouse_scanningConfig.cmake
[1.033s] -- Installing: /home/sv/ros/software/onboard/ros_workspace/install/warehouse_scanning/share/warehouse_scanning/cmake/warehouse_scanningConfig-version.cmake
[1.034s] -- Installing: /home/sv/ros/software/onboard/ros_workspace/install/warehouse_scanning/share/warehouse_scanning/package.xml
[1.034s] Invoked command in '/home/sv/ros/software/onboard/ros_workspace/build/warehouse_scanning' returned '0': CMAKE_PREFIX_PATH=${CMAKE_PREFIX_PATH}:/opt/ros/jazzy DEBUGINFOD_URLS=https://debuginfod.ubuntu.com /usr/bin/cmake --install /home/sv/ros/software/onboard/ros_workspace/build/warehouse_scanning
