running egg_info
creating ../../build/sensors/sensors.egg-info
writing ../../build/sensors/sensors.egg-info/PKG-INFO
writing dependency_links to ../../build/sensors/sensors.egg-info/dependency_links.txt
writing entry points to ../../build/sensors/sensors.egg-info/entry_points.txt
writing requirements to ../../build/sensors/sensors.egg-info/requires.txt
writing top-level names to ../../build/sensors/sensors.egg-info/top_level.txt
writing manifest file '../../build/sensors/sensors.egg-info/SOURCES.txt'
reading manifest file '../../build/sensors/sensors.egg-info/SOURCES.txt'
writing manifest file '../../build/sensors/sensors.egg-info/SOURCES.txt'
running build
running build_py
creating /home/sv/ros/software/onboard/ros_workspace/build/sensors/build
creating /home/sv/ros/software/onboard/ros_workspace/build/sensors/build/lib
creating /home/sv/ros/software/onboard/ros_workspace/build/sensors/build/lib/sensors
copying sensors/bno055_node.py -> /home/sv/ros/software/onboard/ros_workspace/build/sensors/build/lib/sensors
copying sensors/__init__.py -> /home/sv/ros/software/onboard/ros_workspace/build/sensors/build/lib/sensors
running install
running install_lib
creating /home/sv/ros/software/onboard/ros_workspace/install/sensors/lib/python3.12/site-packages/sensors
copying /home/sv/ros/software/onboard/ros_workspace/build/sensors/build/lib/sensors/bno055_node.py -> /home/sv/ros/software/onboard/ros_workspace/install/sensors/lib/python3.12/site-packages/sensors
copying /home/sv/ros/software/onboard/ros_workspace/build/sensors/build/lib/sensors/__init__.py -> /home/sv/ros/software/onboard/ros_workspace/install/sensors/lib/python3.12/site-packages/sensors
byte-compiling /home/sv/ros/software/onboard/ros_workspace/install/sensors/lib/python3.12/site-packages/sensors/bno055_node.py to bno055_node.cpython-312.pyc
byte-compiling /home/sv/ros/software/onboard/ros_workspace/install/sensors/lib/python3.12/site-packages/sensors/__init__.py to __init__.cpython-312.pyc
running install_data
creating /home/sv/ros/software/onboard/ros_workspace/install/sensors/share/ament_index
creating /home/sv/ros/software/onboard/ros_workspace/install/sensors/share/ament_index/resource_index
creating /home/sv/ros/software/onboard/ros_workspace/install/sensors/share/ament_index/resource_index/packages
copying resource/sensors -> /home/sv/ros/software/onboard/ros_workspace/install/sensors/share/ament_index/resource_index/packages
copying package.xml -> /home/sv/ros/software/onboard/ros_workspace/install/sensors/share/sensors
creating /home/sv/ros/software/onboard/ros_workspace/install/sensors/share/sensors/launch
copying launch/sensors.launch.py -> /home/sv/ros/software/onboard/ros_workspace/install/sensors/share/sensors/launch
running install_egg_info
Copying ../../build/sensors/sensors.egg-info to /home/sv/ros/software/onboard/ros_workspace/install/sensors/lib/python3.12/site-packages/sensors-0.0.0-py3.12.egg-info
running install_scripts
Installing bno055_node script to /home/sv/ros/software/onboard/ros_workspace/install/sensors/lib/sensors
writing list of installed files to '/home/sv/ros/software/onboard/ros_workspace/build/sensors/install.log'
