[0.716s] Invoking command in '/home/sv/ros/software/onboard/ros_workspace/src/sensors': DEBUGINFOD_URLS=https://debuginfod.ubuntu.com PYTHONPATH=/home/sv/ros/software/onboard/ros_workspace/build/sensors/prefix_override:/usr/lib/python3/dist-packages/colcon_core/task/python/colcon_distutils_commands:/home/sv/ros/software/onboard/ros_workspace/install/sensors/lib/python3.12/site-packages:${PYTHONPATH} /usr/bin/python3 -W ignore:setup.py install is deprecated -W ignore:easy_install command is deprecated setup.py egg_info --egg-base ../../build/sensors build --build-base /home/sv/ros/software/onboard/ros_workspace/build/sensors/build install --record /home/sv/ros/software/onboard/ros_workspace/build/sensors/install.log --single-version-externally-managed install_data
[0.955s] running egg_info
[0.955s] creating ../../build/sensors/sensors.egg-info
[0.975s] writing ../../build/sensors/sensors.egg-info/PKG-INFO
[0.975s] writing dependency_links to ../../build/sensors/sensors.egg-info/dependency_links.txt
[0.975s] writing entry points to ../../build/sensors/sensors.egg-info/entry_points.txt
[0.975s] writing requirements to ../../build/sensors/sensors.egg-info/requires.txt
[0.976s] writing top-level names to ../../build/sensors/sensors.egg-info/top_level.txt
[0.976s] writing manifest file '../../build/sensors/sensors.egg-info/SOURCES.txt'
[1.030s] reading manifest file '../../build/sensors/sensors.egg-info/SOURCES.txt'
[1.033s] writing manifest file '../../build/sensors/sensors.egg-info/SOURCES.txt'
[1.033s] running build
[1.033s] running build_py
[1.035s] creating /home/sv/ros/software/onboard/ros_workspace/build/sensors/build
[1.035s] creating /home/sv/ros/software/onboard/ros_workspace/build/sensors/build/lib
[1.037s] creating /home/sv/ros/software/onboard/ros_workspace/build/sensors/build/lib/sensors
[1.037s] copying sensors/bno055_node.py -> /home/sv/ros/software/onboard/ros_workspace/build/sensors/build/lib/sensors
[1.038s] copying sensors/__init__.py -> /home/sv/ros/software/onboard/ros_workspace/build/sensors/build/lib/sensors
[1.040s] running install
[1.050s] running install_lib
[1.086s] creating /home/sv/ros/software/onboard/ros_workspace/install/sensors/lib/python3.12/site-packages/sensors
[1.086s] copying /home/sv/ros/software/onboard/ros_workspace/build/sensors/build/lib/sensors/bno055_node.py -> /home/sv/ros/software/onboard/ros_workspace/install/sensors/lib/python3.12/site-packages/sensors
[1.086s] copying /home/sv/ros/software/onboard/ros_workspace/build/sensors/build/lib/sensors/__init__.py -> /home/sv/ros/software/onboard/ros_workspace/install/sensors/lib/python3.12/site-packages/sensors
[1.091s] byte-compiling /home/sv/ros/software/onboard/ros_workspace/install/sensors/lib/python3.12/site-packages/sensors/bno055_node.py to bno055_node.cpython-312.pyc
[1.095s] byte-compiling /home/sv/ros/software/onboard/ros_workspace/install/sensors/lib/python3.12/site-packages/sensors/__init__.py to __init__.cpython-312.pyc
[1.095s] running install_data
[1.096s] creating /home/sv/ros/software/onboard/ros_workspace/install/sensors/share/ament_index
[1.097s] creating /home/sv/ros/software/onboard/ros_workspace/install/sensors/share/ament_index/resource_index
[1.097s] creating /home/sv/ros/software/onboard/ros_workspace/install/sensors/share/ament_index/resource_index/packages
[1.101s] copying resource/sensors -> /home/sv/ros/software/onboard/ros_workspace/install/sensors/share/ament_index/resource_index/packages
[1.101s] copying package.xml -> /home/sv/ros/software/onboard/ros_workspace/install/sensors/share/sensors
[1.102s] creating /home/sv/ros/software/onboard/ros_workspace/install/sensors/share/sensors/launch
[1.102s] copying launch/sensors.launch.py -> /home/sv/ros/software/onboard/ros_workspace/install/sensors/share/sensors/launch
[1.102s] running install_egg_info
[1.195s] Copying ../../build/sensors/sensors.egg-info to /home/sv/ros/software/onboard/ros_workspace/install/sensors/lib/python3.12/site-packages/sensors-0.0.0-py3.12.egg-info
[1.199s] running install_scripts
[1.768s] Installing bno055_node script to /home/sv/ros/software/onboard/ros_workspace/install/sensors/lib/sensors
[1.769s] writing list of installed files to '/home/sv/ros/software/onboard/ros_workspace/build/sensors/install.log'
[1.853s] Invoked command in '/home/sv/ros/software/onboard/ros_workspace/src/sensors' returned '0': DEBUGINFOD_URLS=https://debuginfod.ubuntu.com PYTHONPATH=/home/sv/ros/software/onboard/ros_workspace/build/sensors/prefix_override:/usr/lib/python3/dist-packages/colcon_core/task/python/colcon_distutils_commands:/home/sv/ros/software/onboard/ros_workspace/install/sensors/lib/python3.12/site-packages:${PYTHONPATH} /usr/bin/python3 -W ignore:setup.py install is deprecated -W ignore:easy_install command is deprecated setup.py egg_info --egg-base ../../build/sensors build --build-base /home/sv/ros/software/onboard/ros_workspace/build/sensors/build install --record /home/sv/ros/software/onboard/ros_workspace/build/sensors/install.log --single-version-externally-managed install_data
