/home/sv/ros/software/offboard/ros_workspace/install/warehouse_navigation/lib/python3.12/site-packages/warehouse_navigation/shelf_detector.py
/home/sv/ros/software/offboard/ros_workspace/install/warehouse_navigation/lib/python3.12/site-packages/warehouse_navigation/navigate_to_shelf.py
/home/sv/ros/software/offboard/ros_workspace/install/warehouse_navigation/lib/python3.12/site-packages/warehouse_navigation/frontier_exploration.py
/home/sv/ros/software/offboard/ros_workspace/install/warehouse_navigation/lib/python3.12/site-packages/warehouse_navigation/__init__.py
/home/sv/ros/software/offboard/ros_workspace/install/warehouse_navigation/lib/python3.12/site-packages/warehouse_navigation/__pycache__/shelf_detector.cpython-312.pyc
/home/sv/ros/software/offboard/ros_workspace/install/warehouse_navigation/lib/python3.12/site-packages/warehouse_navigation/__pycache__/navigate_to_shelf.cpython-312.pyc
/home/sv/ros/software/offboard/ros_workspace/install/warehouse_navigation/lib/python3.12/site-packages/warehouse_navigation/__pycache__/frontier_exploration.cpython-312.pyc
/home/sv/ros/software/offboard/ros_workspace/install/warehouse_navigation/lib/python3.12/site-packages/warehouse_navigation/__pycache__/__init__.cpython-312.pyc
/home/sv/ros/software/offboard/ros_workspace/install/warehouse_navigation/share/ament_index/resource_index/packages/warehouse_navigation
/home/sv/ros/software/offboard/ros_workspace/install/warehouse_navigation/share/warehouse_navigation/package.xml
/home/sv/ros/software/offboard/ros_workspace/install/warehouse_navigation/share/warehouse_navigation/config/nav2_params.yaml
/home/sv/ros/software/offboard/ros_workspace/install/warehouse_navigation/share/warehouse_navigation/config/ekf.yaml
/home/sv/ros/software/offboard/ros_workspace/install/warehouse_navigation/share/warehouse_navigation/config/default.rviz
/home/sv/ros/software/offboard/ros_workspace/install/warehouse_navigation/share/warehouse_navigation/launch/explore_shelf.launch.py
/home/sv/ros/software/offboard/ros_workspace/install/warehouse_navigation/lib/python3.12/site-packages/warehouse_navigation-0.0.0-py3.12.egg-info/zip-safe
/home/sv/ros/software/offboard/ros_workspace/install/warehouse_navigation/lib/python3.12/site-packages/warehouse_navigation-0.0.0-py3.12.egg-info/SOURCES.txt
/home/sv/ros/software/offboard/ros_workspace/install/warehouse_navigation/lib/python3.12/site-packages/warehouse_navigation-0.0.0-py3.12.egg-info/requires.txt
/home/sv/ros/software/offboard/ros_workspace/install/warehouse_navigation/lib/python3.12/site-packages/warehouse_navigation-0.0.0-py3.12.egg-info/entry_points.txt
/home/sv/ros/software/offboard/ros_workspace/install/warehouse_navigation/lib/python3.12/site-packages/warehouse_navigation-0.0.0-py3.12.egg-info/top_level.txt
/home/sv/ros/software/offboard/ros_workspace/install/warehouse_navigation/lib/python3.12/site-packages/warehouse_navigation-0.0.0-py3.12.egg-info/dependency_links.txt
/home/sv/ros/software/offboard/ros_workspace/install/warehouse_navigation/lib/python3.12/site-packages/warehouse_navigation-0.0.0-py3.12.egg-info/PKG-INFO
/home/sv/ros/software/offboard/ros_workspace/install/warehouse_navigation/lib/warehouse_navigation/frontier_exploration.py
/home/sv/ros/software/offboard/ros_workspace/install/warehouse_navigation/lib/warehouse_navigation/navigate_to_shelf.py
/home/sv/ros/software/offboard/ros_workspace/install/warehouse_navigation/lib/warehouse_navigation/shelf_detector.py
