[0.175s] Invoking command in '/home/sv/ros/software/onboard/ros_workspace/build/warehouse_robot_description': CMAKE_PREFIX_PATH=${CMAKE_PREFIX_PATH}:/opt/ros/jazzy DEBUGINFOD_URLS=https://debuginfod.ubuntu.com /usr/bin/cmake /home/sv/ros/software/onboard/ros_workspace/src/warehouse_robot_description -DCMAKE_INSTALL_PREFIX=/home/sv/ros/software/onboard/ros_workspace/install/warehouse_robot_description
[0.225s] -- The C compiler identification is GNU 13.3.0
[0.273s] -- The CXX compiler identification is GNU 13.3.0
[0.287s] -- Detecting C compiler ABI info
[0.370s] -- Detecting C compiler ABI info - done
[0.380s] -- Check for working C compiler: /usr/bin/cc - skipped
[0.380s] -- Detecting C compile features
[0.380s] -- Detecting C compile features - done
[0.389s] -- Detecting CXX compiler ABI info
[0.487s] -- Detecting CXX compiler ABI info - done
[0.497s] -- Check for working CXX compiler: /usr/bin/c++ - skipped
[0.497s] -- Detecting CXX compile features
[0.498s] -- Detecting CXX compile features - done
[0.505s] -- Found ament_cmake: 2.5.4 (/opt/ros/jazzy/share/ament_cmake/cmake)
[0.649s] -- Found Python3: /usr/bin/python3 (found version "3.12.3") found components: Interpreter 
[0.851s] -- Configuring done (0.7s)
[0.855s] -- Generating done (0.0s)
[0.856s] -- Build files have been written to: /home/sv/ros/software/onboard/ros_workspace/build/warehouse_robot_description
[0.863s] Invoked command in '/home/sv/ros/software/onboard/ros_workspace/build/warehouse_robot_description' returned '0': CMAKE_PREFIX_PATH=${CMAKE_PREFIX_PATH}:/opt/ros/jazzy DEBUGINFOD_URLS=https://debuginfod.ubuntu.com /usr/bin/cmake /home/sv/ros/software/onboard/ros_workspace/src/warehouse_robot_description -DCMAKE_INSTALL_PREFIX=/home/sv/ros/software/onboard/ros_workspace/install/warehouse_robot_description
[0.864s] Invoking command in '/home/sv/ros/software/onboard/ros_workspace/build/warehouse_robot_description': CMAKE_PREFIX_PATH=${CMAKE_PREFIX_PATH}:/opt/ros/jazzy DEBUGINFOD_URLS=https://debuginfod.ubuntu.com /usr/bin/cmake --build /home/sv/ros/software/onboard/ros_workspace/build/warehouse_robot_description -- -j16 -l16
[0.925s] Invoked command in '/home/sv/ros/software/onboard/ros_workspace/build/warehouse_robot_description' returned '0': CMAKE_PREFIX_PATH=${CMAKE_PREFIX_PATH}:/opt/ros/jazzy DEBUGINFOD_URLS=https://debuginfod.ubuntu.com /usr/bin/cmake --build /home/sv/ros/software/onboard/ros_workspace/build/warehouse_robot_description -- -j16 -l16
[0.935s] Invoking command in '/home/sv/ros/software/onboard/ros_workspace/build/warehouse_robot_description': CMAKE_PREFIX_PATH=${CMAKE_PREFIX_PATH}:/opt/ros/jazzy DEBUGINFOD_URLS=https://debuginfod.ubuntu.com /usr/bin/cmake --install /home/sv/ros/software/onboard/ros_workspace/build/warehouse_robot_description
[0.944s] -- Install configuration: ""
[0.944s] -- Installing: /home/sv/ros/software/onboard/ros_workspace/install/warehouse_robot_description/share/warehouse_robot_description/urdf
[0.944s] -- Installing: /home/sv/ros/software/onboard/ros_workspace/install/warehouse_robot_description/share/warehouse_robot_description/urdf/mobile_base.xacro
[0.944s] -- Installing: /home/sv/ros/software/onboard/ros_workspace/install/warehouse_robot_description/share/warehouse_robot_description/urdf/my_robot.urdf.xacro
[0.944s] -- Installing: /home/sv/ros/software/onboard/ros_workspace/install/warehouse_robot_description/share/warehouse_robot_description/urdf/mobile_base.ros2_control.xacro
[0.944s] -- Installing: /home/sv/ros/software/onboard/ros_workspace/install/warehouse_robot_description/share/warehouse_robot_description/urdf/common_properties.xacro
[0.945s] -- Installing: /home/sv/ros/software/onboard/ros_workspace/install/warehouse_robot_description/share/ament_index/resource_index/package_run_dependencies/warehouse_robot_description
[0.945s] -- Installing: /home/sv/ros/software/onboard/ros_workspace/install/warehouse_robot_description/share/ament_index/resource_index/parent_prefix_path/warehouse_robot_description
[0.945s] -- Installing: /home/sv/ros/software/onboard/ros_workspace/install/warehouse_robot_description/share/warehouse_robot_description/environment/ament_prefix_path.sh
[0.946s] -- Installing: /home/sv/ros/software/onboard/ros_workspace/install/warehouse_robot_description/share/warehouse_robot_description/environment/ament_prefix_path.dsv
[0.946s] -- Installing: /home/sv/ros/software/onboard/ros_workspace/install/warehouse_robot_description/share/warehouse_robot_description/environment/path.sh
[0.946s] -- Installing: /home/sv/ros/software/onboard/ros_workspace/install/warehouse_robot_description/share/warehouse_robot_description/environment/path.dsv
[0.946s] -- Installing: /home/sv/ros/software/onboard/ros_workspace/install/warehouse_robot_description/share/warehouse_robot_description/local_setup.bash
[0.947s] -- Installing: /home/sv/ros/software/onboard/ros_workspace/install/warehouse_robot_description/share/warehouse_robot_description/local_setup.sh
[0.947s] -- Installing: /home/sv/ros/software/onboard/ros_workspace/install/warehouse_robot_description/share/warehouse_robot_description/local_setup.zsh
[0.947s] -- Installing: /home/sv/ros/software/onboard/ros_workspace/install/warehouse_robot_description/share/warehouse_robot_description/local_setup.dsv
[0.947s] -- Installing: /home/sv/ros/software/onboard/ros_workspace/install/warehouse_robot_description/share/warehouse_robot_description/package.dsv
[0.948s] -- Installing: /home/sv/ros/software/onboard/ros_workspace/install/warehouse_robot_description/share/ament_index/resource_index/packages/warehouse_robot_description
[0.948s] -- Installing: /home/sv/ros/software/onboard/ros_workspace/install/warehouse_robot_description/share/warehouse_robot_description/cmake/warehouse_robot_descriptionConfig.cmake
[0.948s] -- Installing: /home/sv/ros/software/onboard/ros_workspace/install/warehouse_robot_description/share/warehouse_robot_description/cmake/warehouse_robot_descriptionConfig-version.cmake
[0.948s] -- Installing: /home/sv/ros/software/onboard/ros_workspace/install/warehouse_robot_description/share/warehouse_robot_description/package.xml
[0.951s] Invoked command in '/home/sv/ros/software/onboard/ros_workspace/build/warehouse_robot_description' returned '0': CMAKE_PREFIX_PATH=${CMAKE_PREFIX_PATH}:/opt/ros/jazzy DEBUGINFOD_URLS=https://debuginfod.ubuntu.com /usr/bin/cmake --install /home/sv/ros/software/onboard/ros_workspace/build/warehouse_robot_description
