[0.313s] DEBUG:colcon:Command line arguments: ['/usr/bin/colcon', 'build']
[0.313s] DEBUG:colcon:Parsed command line arguments: Namespace(log_base=None, log_level=None, verb_name='build', build_base='build', install_base='install', merge_install=False, symlink_install=False, test_result_base=None, continue_on_error=False, executor='parallel', parallel_workers=16, event_handlers=None, ignore_user_meta=False, metas=['./colcon.meta'], base_paths=['.'], packages_ignore=None, packages_ignore_regex=None, paths=None, packages_up_to=None, packages_up_to_regex=None, packages_above=None, packages_above_and_dependencies=None, packages_above_depth=None, packages_select_by_dep=None, packages_skip_by_dep=None, packages_skip_up_to=None, packages_select_build_failed=False, packages_skip_build_finished=False, packages_select_test_failures=False, packages_skip_test_passed=False, packages_select=None, packages_skip=None, packages_select_regex=None, packages_skip_regex=None, packages_start=None, packages_end=None, allow_overriding=[], cmake_args=None, cmake_target=None, cmake_target_skip_unavailable=False, cmake_clean_cache=False, cmake_clean_first=False, cmake_force_configure=False, ament_cmake_args=None, catkin_cmake_args=None, catkin_skip_building_tests=False, mixin_files=None, mixin=None, verb_parser=<colcon_mixin.mixin.mixin_argument.MixinArgumentDecorator object at 0x7d41abb97860>, verb_extension=<colcon_core.verb.build.BuildVerb object at 0x7d41ab9caa50>, main=<bound method BuildVerb.main of <colcon_core.verb.build.BuildVerb object at 0x7d41ab9caa50>>, mixin_verb=('build',))
[0.467s] Level 1:colcon.colcon_core.package_discovery:discover_packages(colcon_meta) check parameters
[0.468s] Level 1:colcon.colcon_core.package_discovery:discover_packages(recursive) check parameters
[0.468s] Level 1:colcon.colcon_core.package_discovery:discover_packages(ignore) check parameters
[0.468s] Level 1:colcon.colcon_core.package_discovery:discover_packages(path) check parameters
[0.468s] Level 1:colcon.colcon_core.package_discovery:discover_packages(colcon_meta) discover
[0.468s] Level 1:colcon.colcon_core.package_discovery:discover_packages(recursive) discover
[0.468s] INFO:colcon.colcon_core.package_discovery:Crawling recursively for packages in '/home/sv/ros/software/offboard/ros_workspace'
[0.469s] Level 1:colcon.colcon_core.package_identification:_identify(.) by extensions ['ignore', 'ignore_ament_install']
[0.469s] Level 1:colcon.colcon_core.package_identification:_identify(.) by extension 'ignore'
[0.469s] Level 1:colcon.colcon_core.package_identification:_identify(.) by extension 'ignore_ament_install'
[0.469s] Level 1:colcon.colcon_core.package_identification:_identify(.) by extensions ['colcon_pkg']
[0.470s] Level 1:colcon.colcon_core.package_identification:_identify(.) by extension 'colcon_pkg'
[0.470s] Level 1:colcon.colcon_core.package_identification:_identify(.) by extensions ['colcon_meta']
[0.470s] Level 1:colcon.colcon_core.package_identification:_identify(.) by extension 'colcon_meta'
[0.470s] Level 1:colcon.colcon_core.package_identification:_identify(.) by extensions ['ros']
[0.470s] Level 1:colcon.colcon_core.package_identification:_identify(.) by extension 'ros'
[0.565s] Level 1:colcon.colcon_core.package_identification:_identify(.) by extensions ['cmake', 'python']
[0.565s] Level 1:colcon.colcon_core.package_identification:_identify(.) by extension 'cmake'
[0.565s] Level 1:colcon.colcon_core.package_identification:_identify(.) by extension 'python'
[0.565s] Level 1:colcon.colcon_core.package_identification:_identify(.) by extensions ['python_setup_py']
[0.565s] Level 1:colcon.colcon_core.package_identification:_identify(.) by extension 'python_setup_py'
[0.566s] Level 1:colcon.colcon_core.package_identification:_identify(build) by extensions ['ignore', 'ignore_ament_install']
[0.566s] Level 1:colcon.colcon_core.package_identification:_identify(build) by extension 'ignore'
[0.566s] Level 1:colcon.colcon_core.package_identification:_identify(build) ignored
[0.567s] Level 1:colcon.colcon_core.package_identification:_identify(docs) by extensions ['ignore', 'ignore_ament_install']
[0.567s] Level 1:colcon.colcon_core.package_identification:_identify(docs) by extension 'ignore'
[0.567s] Level 1:colcon.colcon_core.package_identification:_identify(docs) by extension 'ignore_ament_install'
[0.567s] Level 1:colcon.colcon_core.package_identification:_identify(docs) by extensions ['colcon_pkg']
[0.567s] Level 1:colcon.colcon_core.package_identification:_identify(docs) by extension 'colcon_pkg'
[0.568s] Level 1:colcon.colcon_core.package_identification:_identify(docs) by extensions ['colcon_meta']
[0.568s] Level 1:colcon.colcon_core.package_identification:_identify(docs) by extension 'colcon_meta'
[0.568s] Level 1:colcon.colcon_core.package_identification:_identify(docs) by extensions ['ros']
[0.568s] Level 1:colcon.colcon_core.package_identification:_identify(docs) by extension 'ros'
[0.568s] Level 1:colcon.colcon_core.package_identification:_identify(docs) by extensions ['cmake', 'python']
[0.568s] Level 1:colcon.colcon_core.package_identification:_identify(docs) by extension 'cmake'
[0.568s] Level 1:colcon.colcon_core.package_identification:_identify(docs) by extension 'python'
[0.568s] Level 1:colcon.colcon_core.package_identification:_identify(docs) by extensions ['python_setup_py']
[0.569s] Level 1:colcon.colcon_core.package_identification:_identify(docs) by extension 'python_setup_py'
[0.569s] Level 1:colcon.colcon_core.package_identification:_identify(install) by extensions ['ignore', 'ignore_ament_install']
[0.569s] Level 1:colcon.colcon_core.package_identification:_identify(install) by extension 'ignore'
[0.569s] Level 1:colcon.colcon_core.package_identification:_identify(install) ignored
[0.570s] Level 1:colcon.colcon_core.package_identification:_identify(log) by extensions ['ignore', 'ignore_ament_install']
[0.570s] Level 1:colcon.colcon_core.package_identification:_identify(log) by extension 'ignore'
[0.570s] Level 1:colcon.colcon_core.package_identification:_identify(log) ignored
[0.570s] Level 1:colcon.colcon_core.package_identification:_identify(src) by extensions ['ignore', 'ignore_ament_install']
[0.570s] Level 1:colcon.colcon_core.package_identification:_identify(src) by extension 'ignore'
[0.570s] Level 1:colcon.colcon_core.package_identification:_identify(src) by extension 'ignore_ament_install'
[0.571s] Level 1:colcon.colcon_core.package_identification:_identify(src) by extensions ['colcon_pkg']
[0.571s] Level 1:colcon.colcon_core.package_identification:_identify(src) by extension 'colcon_pkg'
[0.571s] Level 1:colcon.colcon_core.package_identification:_identify(src) by extensions ['colcon_meta']
[0.571s] Level 1:colcon.colcon_core.package_identification:_identify(src) by extension 'colcon_meta'
[0.571s] Level 1:colcon.colcon_core.package_identification:_identify(src) by extensions ['ros']
[0.571s] Level 1:colcon.colcon_core.package_identification:_identify(src) by extension 'ros'
[0.571s] Level 1:colcon.colcon_core.package_identification:_identify(src) by extensions ['cmake', 'python']
[0.571s] Level 1:colcon.colcon_core.package_identification:_identify(src) by extension 'cmake'
[0.572s] Level 1:colcon.colcon_core.package_identification:_identify(src) by extension 'python'
[0.572s] Level 1:colcon.colcon_core.package_identification:_identify(src) by extensions ['python_setup_py']
[0.572s] Level 1:colcon.colcon_core.package_identification:_identify(src) by extension 'python_setup_py'
[0.572s] Level 1:colcon.colcon_core.package_identification:_identify(src/warehouse_navigation) by extensions ['ignore', 'ignore_ament_install']
[0.572s] Level 1:colcon.colcon_core.package_identification:_identify(src/warehouse_navigation) by extension 'ignore'
[0.572s] Level 1:colcon.colcon_core.package_identification:_identify(src/warehouse_navigation) by extension 'ignore_ament_install'
[0.573s] Level 1:colcon.colcon_core.package_identification:_identify(src/warehouse_navigation) by extensions ['colcon_pkg']
[0.573s] Level 1:colcon.colcon_core.package_identification:_identify(src/warehouse_navigation) by extension 'colcon_pkg'
[0.573s] Level 1:colcon.colcon_core.package_identification:_identify(src/warehouse_navigation) by extensions ['colcon_meta']
[0.573s] Level 1:colcon.colcon_core.package_identification:_identify(src/warehouse_navigation) by extension 'colcon_meta'
[0.573s] Level 1:colcon.colcon_core.package_identification:_identify(src/warehouse_navigation) by extensions ['ros']
[0.573s] Level 1:colcon.colcon_core.package_identification:_identify(src/warehouse_navigation) by extension 'ros'
[0.582s] DEBUG:colcon.colcon_core.package_identification:Package 'src/warehouse_navigation' with type 'ros.ament_python' and name 'warehouse_navigation'
[0.582s] Level 1:colcon.colcon_core.package_identification:_identify(src/warehouse_robot_bringup) by extensions ['ignore', 'ignore_ament_install']
[0.583s] Level 1:colcon.colcon_core.package_identification:_identify(src/warehouse_robot_bringup) by extension 'ignore'
[0.583s] Level 1:colcon.colcon_core.package_identification:_identify(src/warehouse_robot_bringup) by extension 'ignore_ament_install'
[0.583s] Level 1:colcon.colcon_core.package_identification:_identify(src/warehouse_robot_bringup) by extensions ['colcon_pkg']
[0.583s] Level 1:colcon.colcon_core.package_identification:_identify(src/warehouse_robot_bringup) by extension 'colcon_pkg'
[0.583s] Level 1:colcon.colcon_core.package_identification:_identify(src/warehouse_robot_bringup) by extensions ['colcon_meta']
[0.583s] Level 1:colcon.colcon_core.package_identification:_identify(src/warehouse_robot_bringup) by extension 'colcon_meta'
[0.583s] Level 1:colcon.colcon_core.package_identification:_identify(src/warehouse_robot_bringup) by extensions ['ros']
[0.584s] Level 1:colcon.colcon_core.package_identification:_identify(src/warehouse_robot_bringup) by extension 'ros'
[0.585s] DEBUG:colcon.colcon_core.package_identification:Package 'src/warehouse_robot_bringup' with type 'ros.ament_cmake' and name 'warehouse_robot_bringup'
[0.585s] Level 1:colcon.colcon_core.package_discovery:discover_packages(recursive) using defaults
[0.586s] Level 1:colcon.colcon_core.package_discovery:discover_packages(ignore) discover
[0.586s] Level 1:colcon.colcon_core.package_discovery:discover_packages(ignore) using defaults
[0.586s] Level 1:colcon.colcon_core.package_discovery:discover_packages(path) discover
[0.586s] Level 1:colcon.colcon_core.package_discovery:discover_packages(path) using defaults
[0.627s] Level 1:colcon.colcon_core.package_discovery:discover_packages(prefix_path) check parameters
[0.627s] Level 1:colcon.colcon_core.package_discovery:discover_packages(prefix_path) discover
[0.641s] DEBUG:colcon.colcon_installed_package_information.package_discovery:Found 486 installed packages in /opt/ros/jazzy
[0.648s] Level 1:colcon.colcon_core.package_discovery:discover_packages(prefix_path) using defaults
[0.850s] Level 5:colcon.colcon_core.verb:set package 'warehouse_navigation' build argument 'cmake_args' from command line to 'None'
[0.850s] Level 5:colcon.colcon_core.verb:set package 'warehouse_navigation' build argument 'cmake_target' from command line to 'None'
[0.850s] Level 5:colcon.colcon_core.verb:set package 'warehouse_navigation' build argument 'cmake_target_skip_unavailable' from command line to 'False'
[0.850s] Level 5:colcon.colcon_core.verb:set package 'warehouse_navigation' build argument 'cmake_clean_cache' from command line to 'False'
[0.851s] Level 5:colcon.colcon_core.verb:set package 'warehouse_navigation' build argument 'cmake_clean_first' from command line to 'False'
[0.851s] Level 5:colcon.colcon_core.verb:set package 'warehouse_navigation' build argument 'cmake_force_configure' from command line to 'False'
[0.851s] Level 5:colcon.colcon_core.verb:set package 'warehouse_navigation' build argument 'ament_cmake_args' from command line to 'None'
[0.851s] Level 5:colcon.colcon_core.verb:set package 'warehouse_navigation' build argument 'catkin_cmake_args' from command line to 'None'
[0.851s] Level 5:colcon.colcon_core.verb:set package 'warehouse_navigation' build argument 'catkin_skip_building_tests' from command line to 'False'
[0.851s] DEBUG:colcon.colcon_core.verb:Building package 'warehouse_navigation' with the following arguments: {'ament_cmake_args': None, 'build_base': '/home/sv/ros/software/offboard/ros_workspace/build/warehouse_navigation', 'catkin_cmake_args': None, 'catkin_skip_building_tests': False, 'cmake_args': None, 'cmake_clean_cache': False, 'cmake_clean_first': False, 'cmake_force_configure': False, 'cmake_target': None, 'cmake_target_skip_unavailable': False, 'install_base': '/home/sv/ros/software/offboard/ros_workspace/install/warehouse_navigation', 'merge_install': False, 'path': '/home/sv/ros/software/offboard/ros_workspace/src/warehouse_navigation', 'symlink_install': False, 'test_result_base': None}
[0.852s] Level 5:colcon.colcon_core.verb:set package 'warehouse_robot_bringup' build argument 'cmake_args' from command line to 'None'
[0.852s] Level 5:colcon.colcon_core.verb:set package 'warehouse_robot_bringup' build argument 'cmake_target' from command line to 'None'
[0.852s] Level 5:colcon.colcon_core.verb:set package 'warehouse_robot_bringup' build argument 'cmake_target_skip_unavailable' from command line to 'False'
[0.852s] Level 5:colcon.colcon_core.verb:set package 'warehouse_robot_bringup' build argument 'cmake_clean_cache' from command line to 'False'
[0.852s] Level 5:colcon.colcon_core.verb:set package 'warehouse_robot_bringup' build argument 'cmake_clean_first' from command line to 'False'
[0.852s] Level 5:colcon.colcon_core.verb:set package 'warehouse_robot_bringup' build argument 'cmake_force_configure' from command line to 'False'
[0.852s] Level 5:colcon.colcon_core.verb:set package 'warehouse_robot_bringup' build argument 'ament_cmake_args' from command line to 'None'
[0.852s] Level 5:colcon.colcon_core.verb:set package 'warehouse_robot_bringup' build argument 'catkin_cmake_args' from command line to 'None'
[0.853s] Level 5:colcon.colcon_core.verb:set package 'warehouse_robot_bringup' build argument 'catkin_skip_building_tests' from command line to 'False'
[0.853s] DEBUG:colcon.colcon_core.verb:Building package 'warehouse_robot_bringup' with the following arguments: {'ament_cmake_args': None, 'build_base': '/home/sv/ros/software/offboard/ros_workspace/build/warehouse_robot_bringup', 'catkin_cmake_args': None, 'catkin_skip_building_tests': False, 'cmake_args': None, 'cmake_clean_cache': False, 'cmake_clean_first': False, 'cmake_force_configure': False, 'cmake_target': None, 'cmake_target_skip_unavailable': False, 'install_base': '/home/sv/ros/software/offboard/ros_workspace/install/warehouse_robot_bringup', 'merge_install': False, 'path': '/home/sv/ros/software/offboard/ros_workspace/src/warehouse_robot_bringup', 'symlink_install': False, 'test_result_base': None}
[0.853s] INFO:colcon.colcon_core.executor:Executing jobs using 'parallel' executor
[0.856s] DEBUG:colcon.colcon_parallel_executor.executor.parallel:run_until_complete
[0.856s] INFO:colcon.colcon_ros.task.ament_python.build:Building ROS package in '/home/sv/ros/software/offboard/ros_workspace/src/warehouse_navigation' with build type 'ament_python'
[0.857s] Level 1:colcon.colcon_core.shell:create_environment_hook('warehouse_navigation', 'ament_prefix_path')
[0.866s] INFO:colcon.colcon_core.plugin_system:Skipping extension 'colcon_core.shell.bat': Not used on non-Windows systems
[0.866s] INFO:colcon.colcon_core.shell:Creating environment hook '/home/sv/ros/software/offboard/ros_workspace/install/warehouse_navigation/share/warehouse_navigation/hook/ament_prefix_path.ps1'
[0.869s] INFO:colcon.colcon_core.shell:Creating environment descriptor '/home/sv/ros/software/offboard/ros_workspace/install/warehouse_navigation/share/warehouse_navigation/hook/ament_prefix_path.dsv'
[0.871s] INFO:colcon.colcon_core.shell:Creating environment hook '/home/sv/ros/software/offboard/ros_workspace/install/warehouse_navigation/share/warehouse_navigation/hook/ament_prefix_path.sh'
[0.874s] INFO:colcon.colcon_core.shell:Skip shell extension 'powershell' for command environment: Not usable outside of PowerShell
[0.874s] DEBUG:colcon.colcon_core.shell:Skip shell extension 'dsv' for command environment
[0.894s] INFO:colcon.colcon_ros.task.ament_cmake.build:Building ROS package in '/home/sv/ros/software/offboard/ros_workspace/src/warehouse_robot_bringup' with build type 'ament_cmake'
[0.895s] INFO:colcon.colcon_cmake.task.cmake.build:Building CMake package in '/home/sv/ros/software/offboard/ros_workspace/src/warehouse_robot_bringup'
[0.895s] INFO:colcon.colcon_core.shell:Skip shell extension 'powershell' for command environment: Not usable outside of PowerShell
[0.896s] DEBUG:colcon.colcon_core.shell:Skip shell extension 'dsv' for command environment
[1.723s] INFO:colcon.colcon_core.task.python.build:Building Python package in '/home/sv/ros/software/offboard/ros_workspace/src/warehouse_navigation'
[1.724s] INFO:colcon.colcon_core.shell:Skip shell extension 'powershell' for command environment: Not usable outside of PowerShell
[1.724s] DEBUG:colcon.colcon_core.shell:Skip shell extension 'dsv' for command environment
[1.746s] DEBUG:colcon.colcon_core.event_handler.log_command:Invoking command in '/home/sv/ros/software/offboard/ros_workspace/build/warehouse_robot_bringup': CMAKE_PREFIX_PATH=${CMAKE_PREFIX_PATH}:/opt/ros/jazzy DEBUGINFOD_URLS=https://debuginfod.ubuntu.com /usr/bin/cmake /home/sv/ros/software/offboard/ros_workspace/src/warehouse_robot_bringup -DCMAKE_INSTALL_PREFIX=/home/sv/ros/software/offboard/ros_workspace/install/warehouse_robot_bringup
[3.953s] DEBUG:colcon.colcon_core.event_handler.log_command:Invoking command in '/home/sv/ros/software/offboard/ros_workspace/src/warehouse_navigation': DEBUGINFOD_URLS=https://debuginfod.ubuntu.com PYTHONPATH=/home/sv/ros/software/offboard/ros_workspace/build/warehouse_navigation/prefix_override:/usr/lib/python3/dist-packages/colcon_core/task/python/colcon_distutils_commands:/home/sv/ros/software/offboard/ros_workspace/install/warehouse_navigation/lib/python3.12/site-packages:${PYTHONPATH} /usr/bin/python3 -W ignore:setup.py install is deprecated -W ignore:easy_install command is deprecated setup.py egg_info --egg-base ../../build/warehouse_navigation build --build-base /home/sv/ros/software/offboard/ros_workspace/build/warehouse_navigation/build install --record /home/sv/ros/software/offboard/ros_workspace/build/warehouse_navigation/install.log --single-version-externally-managed install_data
[4.828s] DEBUG:colcon.colcon_core.event_handler.log_command:Invoked command in '/home/sv/ros/software/offboard/ros_workspace/build/warehouse_robot_bringup' returned '0': CMAKE_PREFIX_PATH=${CMAKE_PREFIX_PATH}:/opt/ros/jazzy DEBUGINFOD_URLS=https://debuginfod.ubuntu.com /usr/bin/cmake /home/sv/ros/software/offboard/ros_workspace/src/warehouse_robot_bringup -DCMAKE_INSTALL_PREFIX=/home/sv/ros/software/offboard/ros_workspace/install/warehouse_robot_bringup
[4.829s] DEBUG:colcon.colcon_core.event_handler.log_command:Invoking command in '/home/sv/ros/software/offboard/ros_workspace/build/warehouse_robot_bringup': CMAKE_PREFIX_PATH=${CMAKE_PREFIX_PATH}:/opt/ros/jazzy DEBUGINFOD_URLS=https://debuginfod.ubuntu.com /usr/bin/cmake --build /home/sv/ros/software/offboard/ros_workspace/build/warehouse_robot_bringup -- -j16 -l16
[5.034s] DEBUG:colcon.colcon_core.event_handler.log_command:Invoked command in '/home/sv/ros/software/offboard/ros_workspace/build/warehouse_robot_bringup' returned '0': CMAKE_PREFIX_PATH=${CMAKE_PREFIX_PATH}:/opt/ros/jazzy DEBUGINFOD_URLS=https://debuginfod.ubuntu.com /usr/bin/cmake --build /home/sv/ros/software/offboard/ros_workspace/build/warehouse_robot_bringup -- -j16 -l16
[5.086s] DEBUG:colcon.colcon_core.event_handler.log_command:Invoking command in '/home/sv/ros/software/offboard/ros_workspace/build/warehouse_robot_bringup': CMAKE_PREFIX_PATH=${CMAKE_PREFIX_PATH}:/opt/ros/jazzy DEBUGINFOD_URLS=https://debuginfod.ubuntu.com /usr/bin/cmake --install /home/sv/ros/software/offboard/ros_workspace/build/warehouse_robot_bringup
[5.147s] Level 1:colcon.colcon_core.environment:create_environment_scripts_only(warehouse_robot_bringup)
[5.149s] DEBUG:colcon.colcon_core.event_handler.log_command:Invoked command in '/home/sv/ros/software/offboard/ros_workspace/build/warehouse_robot_bringup' returned '0': CMAKE_PREFIX_PATH=${CMAKE_PREFIX_PATH}:/opt/ros/jazzy DEBUGINFOD_URLS=https://debuginfod.ubuntu.com /usr/bin/cmake --install /home/sv/ros/software/offboard/ros_workspace/build/warehouse_robot_bringup
[5.155s] Level 1:colcon.colcon_core.environment:checking '/home/sv/ros/software/offboard/ros_workspace/install/warehouse_robot_bringup' for CMake module files
[5.157s] Level 1:colcon.colcon_core.environment:checking '/home/sv/ros/software/offboard/ros_workspace/install/warehouse_robot_bringup' for CMake config files
[5.159s] Level 1:colcon.colcon_core.shell:create_environment_hook('warehouse_robot_bringup', 'cmake_prefix_path')
[5.159s] INFO:colcon.colcon_core.shell:Creating environment hook '/home/sv/ros/software/offboard/ros_workspace/install/warehouse_robot_bringup/share/warehouse_robot_bringup/hook/cmake_prefix_path.ps1'
[5.161s] INFO:colcon.colcon_core.shell:Creating environment descriptor '/home/sv/ros/software/offboard/ros_workspace/install/warehouse_robot_bringup/share/warehouse_robot_bringup/hook/cmake_prefix_path.dsv'
[5.162s] INFO:colcon.colcon_core.shell:Creating environment hook '/home/sv/ros/software/offboard/ros_workspace/install/warehouse_robot_bringup/share/warehouse_robot_bringup/hook/cmake_prefix_path.sh'
[5.165s] Level 1:colcon.colcon_core.environment:checking '/home/sv/ros/software/offboard/ros_workspace/install/warehouse_robot_bringup/bin'
[5.165s] Level 1:colcon.colcon_core.environment:checking '/home/sv/ros/software/offboard/ros_workspace/install/warehouse_robot_bringup/lib/pkgconfig/warehouse_robot_bringup.pc'
[5.165s] Level 1:colcon.colcon_core.environment:checking '/home/sv/ros/software/offboard/ros_workspace/install/warehouse_robot_bringup/lib/python3.12/site-packages'
[5.166s] Level 1:colcon.colcon_core.environment:checking '/home/sv/ros/software/offboard/ros_workspace/install/warehouse_robot_bringup/bin'
[5.169s] INFO:colcon.colcon_core.shell:Creating package script '/home/sv/ros/software/offboard/ros_workspace/install/warehouse_robot_bringup/share/warehouse_robot_bringup/package.ps1'
[5.172s] INFO:colcon.colcon_core.shell:Creating package descriptor '/home/sv/ros/software/offboard/ros_workspace/install/warehouse_robot_bringup/share/warehouse_robot_bringup/package.dsv'
[5.174s] INFO:colcon.colcon_core.shell:Creating package script '/home/sv/ros/software/offboard/ros_workspace/install/warehouse_robot_bringup/share/warehouse_robot_bringup/package.sh'
[5.176s] INFO:colcon.colcon_core.shell:Creating package script '/home/sv/ros/software/offboard/ros_workspace/install/warehouse_robot_bringup/share/warehouse_robot_bringup/package.bash'
[5.178s] INFO:colcon.colcon_core.shell:Creating package script '/home/sv/ros/software/offboard/ros_workspace/install/warehouse_robot_bringup/share/warehouse_robot_bringup/package.zsh'
[5.180s] Level 1:colcon.colcon_core.environment:create_file_with_runtime_dependencies(/home/sv/ros/software/offboard/ros_workspace/install/warehouse_robot_bringup/share/colcon-core/packages/warehouse_robot_bringup)
[5.182s] Level 1:colcon.colcon_core.environment:create_environment_scripts_only(warehouse_robot_bringup)
[5.183s] Level 1:colcon.colcon_core.environment:checking '/home/sv/ros/software/offboard/ros_workspace/install/warehouse_robot_bringup' for CMake module files
[5.185s] Level 1:colcon.colcon_core.environment:checking '/home/sv/ros/software/offboard/ros_workspace/install/warehouse_robot_bringup' for CMake config files
[5.186s] Level 1:colcon.colcon_core.shell:create_environment_hook('warehouse_robot_bringup', 'cmake_prefix_path')
[5.187s] INFO:colcon.colcon_core.shell:Creating environment hook '/home/sv/ros/software/offboard/ros_workspace/install/warehouse_robot_bringup/share/warehouse_robot_bringup/hook/cmake_prefix_path.ps1'
[5.190s] INFO:colcon.colcon_core.shell:Creating environment descriptor '/home/sv/ros/software/offboard/ros_workspace/install/warehouse_robot_bringup/share/warehouse_robot_bringup/hook/cmake_prefix_path.dsv'
[5.192s] INFO:colcon.colcon_core.shell:Creating environment hook '/home/sv/ros/software/offboard/ros_workspace/install/warehouse_robot_bringup/share/warehouse_robot_bringup/hook/cmake_prefix_path.sh'
[5.196s] Level 1:colcon.colcon_core.environment:checking '/home/sv/ros/software/offboard/ros_workspace/install/warehouse_robot_bringup/bin'
[5.197s] Level 1:colcon.colcon_core.environment:checking '/home/sv/ros/software/offboard/ros_workspace/install/warehouse_robot_bringup/lib/pkgconfig/warehouse_robot_bringup.pc'
[5.198s] Level 1:colcon.colcon_core.environment:checking '/home/sv/ros/software/offboard/ros_workspace/install/warehouse_robot_bringup/lib/python3.12/site-packages'
[5.199s] Level 1:colcon.colcon_core.environment:checking '/home/sv/ros/software/offboard/ros_workspace/install/warehouse_robot_bringup/bin'
[5.200s] INFO:colcon.colcon_core.shell:Creating package script '/home/sv/ros/software/offboard/ros_workspace/install/warehouse_robot_bringup/share/warehouse_robot_bringup/package.ps1'
[5.202s] INFO:colcon.colcon_core.shell:Creating package descriptor '/home/sv/ros/software/offboard/ros_workspace/install/warehouse_robot_bringup/share/warehouse_robot_bringup/package.dsv'
[5.204s] INFO:colcon.colcon_core.shell:Creating package script '/home/sv/ros/software/offboard/ros_workspace/install/warehouse_robot_bringup/share/warehouse_robot_bringup/package.sh'
[5.206s] INFO:colcon.colcon_core.shell:Creating package script '/home/sv/ros/software/offboard/ros_workspace/install/warehouse_robot_bringup/share/warehouse_robot_bringup/package.bash'
[5.207s] INFO:colcon.colcon_core.shell:Creating package script '/home/sv/ros/software/offboard/ros_workspace/install/warehouse_robot_bringup/share/warehouse_robot_bringup/package.zsh'
[5.209s] Level 1:colcon.colcon_core.environment:create_file_with_runtime_dependencies(/home/sv/ros/software/offboard/ros_workspace/install/warehouse_robot_bringup/share/colcon-core/packages/warehouse_robot_bringup)
[6.019s] Level 1:colcon.colcon_core.environment:checking '/home/sv/ros/software/offboard/ros_workspace/install/warehouse_navigation' for CMake module files
[6.022s] DEBUG:colcon.colcon_core.event_handler.log_command:Invoked command in '/home/sv/ros/software/offboard/ros_workspace/src/warehouse_navigation' returned '0': DEBUGINFOD_URLS=https://debuginfod.ubuntu.com PYTHONPATH=/home/sv/ros/software/offboard/ros_workspace/build/warehouse_navigation/prefix_override:/usr/lib/python3/dist-packages/colcon_core/task/python/colcon_distutils_commands:/home/sv/ros/software/offboard/ros_workspace/install/warehouse_navigation/lib/python3.12/site-packages:${PYTHONPATH} /usr/bin/python3 -W ignore:setup.py install is deprecated -W ignore:easy_install command is deprecated setup.py egg_info --egg-base ../../build/warehouse_navigation build --build-base /home/sv/ros/software/offboard/ros_workspace/build/warehouse_navigation/build install --record /home/sv/ros/software/offboard/ros_workspace/build/warehouse_navigation/install.log --single-version-externally-managed install_data
[6.023s] Level 1:colcon.colcon_core.environment:checking '/home/sv/ros/software/offboard/ros_workspace/install/warehouse_navigation' for CMake config files
[6.025s] Level 1:colcon.colcon_core.environment:checking '/home/sv/ros/software/offboard/ros_workspace/install/warehouse_navigation/lib'
[6.026s] Level 1:colcon.colcon_core.environment:checking '/home/sv/ros/software/offboard/ros_workspace/install/warehouse_navigation/bin'
[6.026s] Level 1:colcon.colcon_core.environment:checking '/home/sv/ros/software/offboard/ros_workspace/install/warehouse_navigation/lib/pkgconfig/warehouse_navigation.pc'
[6.027s] Level 1:colcon.colcon_core.environment:checking '/home/sv/ros/software/offboard/ros_workspace/install/warehouse_navigation/lib/python3.12/site-packages'
[6.028s] Level 1:colcon.colcon_core.shell:create_environment_hook('warehouse_navigation', 'pythonpath')
[6.028s] INFO:colcon.colcon_core.shell:Creating environment hook '/home/sv/ros/software/offboard/ros_workspace/install/warehouse_navigation/share/warehouse_navigation/hook/pythonpath.ps1'
[6.029s] INFO:colcon.colcon_core.shell:Creating environment descriptor '/home/sv/ros/software/offboard/ros_workspace/install/warehouse_navigation/share/warehouse_navigation/hook/pythonpath.dsv'
[6.030s] INFO:colcon.colcon_core.shell:Creating environment hook '/home/sv/ros/software/offboard/ros_workspace/install/warehouse_navigation/share/warehouse_navigation/hook/pythonpath.sh'
[6.032s] Level 1:colcon.colcon_core.environment:checking '/home/sv/ros/software/offboard/ros_workspace/install/warehouse_navigation/bin'
[6.033s] Level 1:colcon.colcon_core.environment:create_environment_scripts_only(warehouse_navigation)
[6.033s] INFO:colcon.colcon_core.shell:Creating package script '/home/sv/ros/software/offboard/ros_workspace/install/warehouse_navigation/share/warehouse_navigation/package.ps1'
[6.035s] INFO:colcon.colcon_core.shell:Creating package descriptor '/home/sv/ros/software/offboard/ros_workspace/install/warehouse_navigation/share/warehouse_navigation/package.dsv'
[6.035s] INFO:colcon.colcon_core.shell:Creating package script '/home/sv/ros/software/offboard/ros_workspace/install/warehouse_navigation/share/warehouse_navigation/package.sh'
[6.036s] INFO:colcon.colcon_core.shell:Creating package script '/home/sv/ros/software/offboard/ros_workspace/install/warehouse_navigation/share/warehouse_navigation/package.bash'
[6.037s] INFO:colcon.colcon_core.shell:Creating package script '/home/sv/ros/software/offboard/ros_workspace/install/warehouse_navigation/share/warehouse_navigation/package.zsh'
[6.038s] Level 1:colcon.colcon_core.environment:create_file_with_runtime_dependencies(/home/sv/ros/software/offboard/ros_workspace/install/warehouse_navigation/share/colcon-core/packages/warehouse_navigation)
[6.038s] DEBUG:colcon.colcon_parallel_executor.executor.parallel:closing loop
[6.039s] DEBUG:colcon.colcon_parallel_executor.executor.parallel:loop closed
[6.039s] DEBUG:colcon.colcon_parallel_executor.executor.parallel:run_until_complete finished with '0'
[6.039s] DEBUG:colcon.colcon_core.event_reactor:joining thread
[6.053s] INFO:colcon.colcon_core.plugin_system:Skipping extension 'colcon_notification.desktop_notification.terminal_notifier': Not used on non-Darwin systems
[6.054s] INFO:colcon.colcon_core.plugin_system:Skipping extension 'colcon_notification.desktop_notification.win32': Not used on non-Windows systems
[6.054s] INFO:colcon.colcon_notification.desktop_notification:Sending desktop notification using 'notify2'
[6.113s] DEBUG:colcon.colcon_core.event_reactor:joined thread
[6.113s] INFO:colcon.colcon_core.shell:Creating prefix script '/home/sv/ros/software/offboard/ros_workspace/install/local_setup.ps1'
[6.116s] INFO:colcon.colcon_core.shell:Creating prefix util module '/home/sv/ros/software/offboard/ros_workspace/install/_local_setup_util_ps1.py'
[6.123s] INFO:colcon.colcon_core.shell:Creating prefix chain script '/home/sv/ros/software/offboard/ros_workspace/install/setup.ps1'
[6.126s] INFO:colcon.colcon_core.shell:Creating prefix script '/home/sv/ros/software/offboard/ros_workspace/install/local_setup.sh'
[6.128s] INFO:colcon.colcon_core.shell:Creating prefix util module '/home/sv/ros/software/offboard/ros_workspace/install/_local_setup_util_sh.py'
[6.129s] INFO:colcon.colcon_core.shell:Creating prefix chain script '/home/sv/ros/software/offboard/ros_workspace/install/setup.sh'
[6.132s] INFO:colcon.colcon_core.shell:Creating prefix script '/home/sv/ros/software/offboard/ros_workspace/install/local_setup.bash'
[6.133s] INFO:colcon.colcon_core.shell:Creating prefix chain script '/home/sv/ros/software/offboard/ros_workspace/install/setup.bash'
[6.167s] INFO:colcon.colcon_core.shell:Creating prefix script '/home/sv/ros/software/offboard/ros_workspace/install/local_setup.zsh'
[6.168s] INFO:colcon.colcon_core.shell:Creating prefix chain script '/home/sv/ros/software/offboard/ros_workspace/install/setup.zsh'
