[0.044s] Invoking command in '/home/sv/ros/software/onboard/ros_workspace/build/serial': CMAKE_PREFIX_PATH=${CMAKE_PREFIX_PATH}:/opt/ros/jazzy DEBUGINFOD_URLS=https://debuginfod.ubuntu.com /usr/bin/cmake /home/sv/ros/software/onboard/ros_workspace/src/serial -DCMAKE_INSTALL_PREFIX=/home/sv/ros/software/onboard/ros_workspace/install/serial
[0.195s] -- The C compiler identification is GNU 13.3.0
[0.195s] -- The CXX compiler identification is GNU 13.3.0
[0.195s] -- Detecting C compiler ABI info
[0.268s] -- Detecting C compiler ABI info - done
[0.275s] -- Check for working C compiler: /usr/bin/cc - skipped
[0.275s] -- Detecting C compile features
[0.275s] -- Detecting C compile features - done
[0.285s] -- Detecting CXX compiler ABI info
[0.383s] -- Detecting CXX compiler ABI info - done
[0.393s] -- Check for working CXX compiler: /usr/bin/c++ - skipped
[0.393s] -- Detecting CXX compile features
[0.394s] -- Detecting CXX compile features - done
[0.400s] -- Found ament_cmake: 2.5.4 (/opt/ros/jazzy/share/ament_cmake/cmake)
[0.555s] -- Found Python3: /usr/bin/python3 (found version "3.12.3") found components: Interpreter 
[0.686s] -- Found ament_cmake_gtest: 2.5.4 (/opt/ros/jazzy/share/ament_cmake_gtest/cmake)
[0.697s] -- Found Boost: /usr/lib/x86_64-linux-gnu/cmake/Boost-1.83.0/BoostConfig.cmake (found version "1.83.0")  
[0.701s] -- Found gtest sources under '/opt/ros/jazzy/src/gtest_vendor': C++ tests using 'Google Test' will be built
[0.703s] -- Performing Test CMAKE_HAVE_LIBC_PTHREAD
[0.791s] -- Performing Test CMAKE_HAVE_LIBC_PTHREAD - Success
[0.792s] -- Found Threads: TRUE  
[0.876s] -- Configuring done (0.8s)
[0.890s] -- Generating done (0.0s)
[0.895s] -- Build files have been written to: /home/sv/ros/software/onboard/ros_workspace/build/serial
[0.907s] Invoked command in '/home/sv/ros/software/onboard/ros_workspace/build/serial' returned '0': CMAKE_PREFIX_PATH=${CMAKE_PREFIX_PATH}:/opt/ros/jazzy DEBUGINFOD_URLS=https://debuginfod.ubuntu.com /usr/bin/cmake /home/sv/ros/software/onboard/ros_workspace/src/serial -DCMAKE_INSTALL_PREFIX=/home/sv/ros/software/onboard/ros_workspace/install/serial
[0.908s] Invoking command in '/home/sv/ros/software/onboard/ros_workspace/build/serial': CMAKE_PREFIX_PATH=${CMAKE_PREFIX_PATH}:/opt/ros/jazzy DEBUGINFOD_URLS=https://debuginfod.ubuntu.com /usr/bin/cmake --build /home/sv/ros/software/onboard/ros_workspace/build/serial -- -j16 -l16
[0.978s] [  7%] [32mBuilding CXX object CMakeFiles/serial.dir/src/impl/unix.cc.o[0m
[0.978s] [ 14%] [32mBuilding CXX object gtest/CMakeFiles/gtest.dir/src/gtest-all.cc.o[0m
[0.979s] [ 21%] [32mBuilding CXX object gtest/CMakeFiles/gtest_main.dir/src/gtest_main.cc.o[0m
[0.981s] [ 28%] [32mBuilding CXX object CMakeFiles/serial.dir/src/serial.cc.o[0m
[0.981s] [ 35%] [32mBuilding CXX object CMakeFiles/serial.dir/src/impl/list_ports/list_ports_linux.cc.o[0m
[2.457s] [ 42%] [32m[1mLinking CXX static library libserial.a[0m
[2.610s] [ 42%] Built target serial
[2.697s] [ 50%] [32mBuilding CXX object CMakeFiles/serial_example.dir/examples/serial_example.cc.o[0m
[3.469s] [ 57%] [32m[1mLinking CXX static library libgtest_main.a[0m
[3.594s] [ 57%] Built target gtest_main
[3.606s] [ 64%] [32m[1mLinking CXX executable serial_example[0m
[3.840s] [ 64%] Built target serial_example
[11.978s] [ 71%] [32m[1mLinking CXX static library libgtest.a[0m
[12.248s] [ 71%] Built target gtest
[12.343s] [ 85%] [32mBuilding CXX object tests/CMakeFiles/serial-test.dir/unix_serial_tests.cc.o[0m
[12.344s] [ 85%] [32mBuilding CXX object tests/CMakeFiles/serial-test-timer.dir/unit/unix_timer_tests.cc.o[0m
[14.605s] In file included from [01m[K/usr/include/boost/bind/detail/requires_cxx11.hpp:9[m[K,
[14.605s]                  from [01m[K/usr/include/boost/bind/bind.hpp:24[m[K,
[14.605s]                  from [01m[K/usr/include/boost/bind.hpp:29[m[K,
[14.605s]                  from [01m[K/home/sv/ros/software/onboard/ros_workspace/src/serial/tests/unix_serial_tests.cc:23[m[K:
[14.606s] [01m[K/usr/include/boost/bind.hpp:36:1:[m[K [01;36m[Knote: [m[K‘[01m[K#pragma message: The practice of declaring the Bind placeholders (_1, _2, ...) in the global namespace is deprecated. Please use <boost/bind/bind.hpp> + using namespace boost::placeholders, or define BOOST_BIND_GLOBAL_PLACEHOLDERS to retain the current behavior.[m[K’
[14.608s]    36 | [01;36m[KBOOST_PRAGMA_MESSAGE[m[K(
[14.609s]       | [01;36m[K^~~~~~~~~~~~~~~~~~~~[m[K
[15.134s] [ 92%] [32m[1mLinking CXX executable serial-test-timer[0m
[15.326s] [100%] [32m[1mLinking CXX executable serial-test[0m
[15.495s] [100%] Built target serial-test-timer
[15.717s] [100%] Built target serial-test
[15.753s] Invoked command in '/home/sv/ros/software/onboard/ros_workspace/build/serial' returned '0': CMAKE_PREFIX_PATH=${CMAKE_PREFIX_PATH}:/opt/ros/jazzy DEBUGINFOD_URLS=https://debuginfod.ubuntu.com /usr/bin/cmake --build /home/sv/ros/software/onboard/ros_workspace/build/serial -- -j16 -l16
[15.755s] Invoking command in '/home/sv/ros/software/onboard/ros_workspace/build/serial': CMAKE_PREFIX_PATH=${CMAKE_PREFIX_PATH}:/opt/ros/jazzy DEBUGINFOD_URLS=https://debuginfod.ubuntu.com /usr/bin/cmake --install /home/sv/ros/software/onboard/ros_workspace/build/serial
[15.779s] -- Install configuration: ""
[15.780s] -- Installing: /home/sv/ros/software/onboard/ros_workspace/install/serial/lib/libserial.a
[15.782s] -- Installing: /home/sv/ros/software/onboard/ros_workspace/install/serial/include/serial/serial.h
[15.784s] -- Installing: /home/sv/ros/software/onboard/ros_workspace/install/serial/include/serial/v8stdint.h
[15.785s] -- Installing: /home/sv/ros/software/onboard/ros_workspace/install/serial/share/serial/environment/library_path.sh
[15.785s] -- Installing: /home/sv/ros/software/onboard/ros_workspace/install/serial/share/serial/environment/library_path.dsv
[15.787s] -- Installing: /home/sv/ros/software/onboard/ros_workspace/install/serial/share/ament_index/resource_index/package_run_dependencies/serial
[15.788s] -- Installing: /home/sv/ros/software/onboard/ros_workspace/install/serial/share/ament_index/resource_index/parent_prefix_path/serial
[15.789s] -- Installing: /home/sv/ros/software/onboard/ros_workspace/install/serial/share/serial/environment/ament_prefix_path.sh
[15.790s] -- Installing: /home/sv/ros/software/onboard/ros_workspace/install/serial/share/serial/environment/ament_prefix_path.dsv
[15.791s] -- Installing: /home/sv/ros/software/onboard/ros_workspace/install/serial/share/serial/environment/path.sh
[15.792s] -- Installing: /home/sv/ros/software/onboard/ros_workspace/install/serial/share/serial/environment/path.dsv
[15.793s] -- Installing: /home/sv/ros/software/onboard/ros_workspace/install/serial/share/serial/local_setup.bash
[15.794s] -- Installing: /home/sv/ros/software/onboard/ros_workspace/install/serial/share/serial/local_setup.sh
[15.794s] -- Installing: /home/sv/ros/software/onboard/ros_workspace/install/serial/share/serial/local_setup.zsh
[15.796s] -- Installing: /home/sv/ros/software/onboard/ros_workspace/install/serial/share/serial/local_setup.dsv
[15.796s] -- Installing: /home/sv/ros/software/onboard/ros_workspace/install/serial/share/serial/package.dsv
[15.797s] -- Installing: /home/sv/ros/software/onboard/ros_workspace/install/serial/share/ament_index/resource_index/packages/serial
[15.798s] -- Installing: /home/sv/ros/software/onboard/ros_workspace/install/serial/share/serial/cmake/ament_cmake_export_include_directories-extras.cmake
[15.799s] -- Installing: /home/sv/ros/software/onboard/ros_workspace/install/serial/share/serial/cmake/ament_cmake_export_libraries-extras.cmake
[15.800s] -- Installing: /home/sv/ros/software/onboard/ros_workspace/install/serial/share/serial/cmake/serialConfig.cmake
[15.801s] -- Installing: /home/sv/ros/software/onboard/ros_workspace/install/serial/share/serial/cmake/serialConfig-version.cmake
[15.802s] -- Installing: /home/sv/ros/software/onboard/ros_workspace/install/serial/share/serial/package.xml
[15.813s] Invoked command in '/home/sv/ros/software/onboard/ros_workspace/build/serial' returned '0': CMAKE_PREFIX_PATH=${CMAKE_PREFIX_PATH}:/opt/ros/jazzy DEBUGINFOD_URLS=https://debuginfod.ubuntu.com /usr/bin/cmake --install /home/sv/ros/software/onboard/ros_workspace/build/serial
