-- The C compiler identification is GNU 13.3.0
-- The CXX compiler identification is GNU 13.3.0
-- Detecting C compiler ABI info
-- Detecting C compiler ABI info - done
-- Check for working C compiler: /usr/bin/cc - skipped
-- Detecting C compile features
-- Detecting C compile features - done
-- Detecting CXX compiler ABI info
-- Detecting CXX compiler ABI info - done
-- Check for working CXX compiler: /usr/bin/c++ - skipped
-- Detecting CXX compile features
-- Detecting CXX compile features - done
-- Found ament_cmake: 2.5.4 (/opt/ros/jazzy/share/ament_cmake/cmake)
-- Found Python3: /usr/bin/python3 (found version "3.12.3") found components: Interpreter 
-- Found serial: 1.2.1 (/home/sv/ros/software/onboard/ros_workspace/install/serial/share/serial/cmake)
-- Found hardware_interface: 4.39.2 (/opt/ros/jazzy/share/hardware_interface/cmake)
-- Found rosidl_generator_c: 4.6.6 (/opt/ros/jazzy/share/rosidl_generator_c/cmake)
-- Found rosidl_generator_cpp: 4.6.6 (/opt/ros/jazzy/share/rosidl_generator_cpp/cmake)
-- Using all available rosidl_typesupport_c: rosidl_typesupport_fastrtps_c;rosidl_typesupport_introspection_c
-- Using all available rosidl_typesupport_cpp: rosidl_typesupport_fastrtps_cpp;rosidl_typesupport_introspection_cpp
-- Found TinyXML2 via Config file: /usr/lib/x86_64-linux-gnu/cmake/tinyxml2
-- Found rmw_implementation_cmake: 7.3.2 (/opt/ros/jazzy/share/rmw_implementation_cmake/cmake)
-- Found rmw_fastrtps_cpp: 8.4.3 (/opt/ros/jazzy/share/rmw_fastrtps_cpp/cmake)
-- Found TinyXML2 via Config file: /usr/lib/x86_64-linux-gnu/cmake/tinyxml2
-- Found OpenSSL: /usr/lib/x86_64-linux-gnu/libcrypto.so (found version "3.0.13")  
-- Found TinyXML2 via Config file: /usr/lib/x86_64-linux-gnu/cmake/tinyxml2
-- Found FastRTPS: /opt/ros/jazzy/include (Required is at least version "2.13") 
-- Found TinyXML2 via Config file: /usr/lib/x86_64-linux-gnu/cmake/tinyxml2
-- Found TinyXML2 via Config file: /usr/lib/x86_64-linux-gnu/cmake/tinyxml2
-- Using RMW implementation 'rmw_fastrtps_cpp' as default
-- Found controller_manager: 4.39.2 (/opt/ros/jazzy/share/controller_manager/cmake)
-- Configuring done (6.9s)
-- Generating done (0.1s)
-- Build files have been written to: /home/sv/ros/software/onboard/ros_workspace/build/hardware
[ 75%] [32mBuilding CXX object CMakeFiles/hardware.dir/src/wheel.cpp.o[0m
[ 75%] [32mBuilding CXX object CMakeFiles/hardware.dir/src/esp_comms.cpp.o[0m
[ 75%] [32mBuilding CXX object CMakeFiles/hardware.dir/src/mecanumdrive_esp.cpp.o[0m
[01m[K/home/sv/ros/software/onboard/ros_workspace/src/hardware/src/esp_comms.cpp:[m[K In member function ‘[01m[Kstd::string EspComms::[01;32m[KsendMsg[m[K(const std::string&, bool)[m[K’:
[01m[K/home/sv/ros/software/onboard/ros_workspace/src/hardware/src/esp_comms.cpp:63:68:[m[K [01;35m[Kwarning: [m[Kunused parameter ‘[01m[Kprint_output[m[K’ [[01;35m[K]8;;https://gcc.gnu.org/onlinedocs/gcc/Warning-Options.html#index-Wunused-parameter-Wunused-parameter]8;;[m[K]
   63 | std::string EspComms::sendMsg(const std::string &msg_to_send, [01;35m[Kbool print_output[m[K)
      |                                                               [01;35m[K~~~~~^~~~~~~~~~~~[m[K
[01m[K/home/sv/ros/software/onboard/ros_workspace/src/hardware/src/mecanumdrive_esp.cpp:[m[K In member function ‘[01m[Kvirtual hardware_interface::CallbackReturn MecanumDriveEsp::[01;32m[Kon_init[m[K(const hardware_interface::HardwareInfo&)[m[K’:
[01m[K/home/sv/ros/software/onboard/ros_workspace/src/hardware/src/mecanumdrive_esp.cpp:11:51:[m[K [01;35m[Kwarning: [m[K‘[01m[Kvirtual rclcpp_lifecycle::node_interfaces::LifecycleNodeInterface::CallbackReturn hardware_interface::HardwareComponentInterface::[01;32m[Kon_init[m[K(const hardware_interface::HardwareInfo&)[m[K’ is deprecated: Use on_init(const HardwareComponentInterfaceParams & params) instead. [[01;35m[K]8;;https://gcc.gnu.org/onlinedocs/gcc/Warning-Options.html#index-Wdeprecated-declarations-Wdeprecated-declarations]8;;[m[K]
   11 |   if ([01;35m[Khardware_interface::SystemInterface::on_init(info)[m[K != hardware_interface::CallbackReturn::SUCCESS)
      |       [01;35m[K~~~~~~~~~~~~~~~~~~~~~~~~~~~~~~~~~~~~~~~~~~~~^~~~~~[m[K
In file included from [01m[K/opt/ros/jazzy/include/hardware_interface/hardware_interface/system_interface.hpp:18[m[K,
                 from [01m[K/home/sv/ros/software/onboard/ros_workspace/src/hardware/include/hardware/mecanumdrive_esp.h:8[m[K,
                 from [01m[K/home/sv/ros/software/onboard/ros_workspace/src/hardware/src/mecanumdrive_esp.cpp:1[m[K:
[01m[K/opt/ros/jazzy/include/hardware_interface/hardware_interface/hardware_component_interface.hpp:235:26:[m[K [01;36m[Knote: [m[Kdeclared here
  235 |   virtual CallbackReturn [01;36m[Kon_init[m[K(const HardwareInfo & hardware_info)
      |                          [01;36m[K^~~~~~~[m[K
[100%] [32m[1mLinking CXX shared library libhardware.so[0m
[100%] Built target hardware
-- Install configuration: ""
-- Installing: /home/sv/ros/software/onboard/ros_workspace/install/hardware/share/hardware/robot_hardware.xml
-- Installing: /home/sv/ros/software/onboard/ros_workspace/install/hardware/lib/hardware/libhardware.so
-- Set non-toolchain portion of runtime path of "/home/sv/ros/software/onboard/ros_workspace/install/hardware/lib/hardware/libhardware.so" to ""
-- Installing: /home/sv/ros/software/onboard/ros_workspace/install/hardware/include/hardware
-- Installing: /home/sv/ros/software/onboard/ros_workspace/install/hardware/include/hardware/hardware
-- Installing: /home/sv/ros/software/onboard/ros_workspace/install/hardware/include/hardware/hardware/wheel.h
-- Installing: /home/sv/ros/software/onboard/ros_workspace/install/hardware/include/hardware/hardware/mecanumdrive_esp.h
-- Installing: /home/sv/ros/software/onboard/ros_workspace/install/hardware/include/hardware/hardware/esp_comms.h
-- Installing: /home/sv/ros/software/onboard/ros_workspace/install/hardware/include/hardware/hardware/config.h
-- Up-to-date: /home/sv/ros/software/onboard/ros_workspace/install/hardware/share/hardware/robot_hardware.xml
-- Installing: /home/sv/ros/software/onboard/ros_workspace/install/hardware/share/hardware/environment/library_path.sh
-- Installing: /home/sv/ros/software/onboard/ros_workspace/install/hardware/share/hardware/environment/library_path.dsv
-- Installing: /home/sv/ros/software/onboard/ros_workspace/install/hardware/share/ament_index/resource_index/package_run_dependencies/hardware
-- Installing: /home/sv/ros/software/onboard/ros_workspace/install/hardware/share/ament_index/resource_index/parent_prefix_path/hardware
-- Installing: /home/sv/ros/software/onboard/ros_workspace/install/hardware/share/hardware/environment/ament_prefix_path.sh
-- Installing: /home/sv/ros/software/onboard/ros_workspace/install/hardware/share/hardware/environment/ament_prefix_path.dsv
-- Installing: /home/sv/ros/software/onboard/ros_workspace/install/hardware/share/hardware/environment/path.sh
-- Installing: /home/sv/ros/software/onboard/ros_workspace/install/hardware/share/hardware/environment/path.dsv
-- Installing: /home/sv/ros/software/onboard/ros_workspace/install/hardware/share/hardware/local_setup.bash
-- Installing: /home/sv/ros/software/onboard/ros_workspace/install/hardware/share/hardware/local_setup.sh
-- Installing: /home/sv/ros/software/onboard/ros_workspace/install/hardware/share/hardware/local_setup.zsh
-- Installing: /home/sv/ros/software/onboard/ros_workspace/install/hardware/share/hardware/local_setup.dsv
-- Installing: /home/sv/ros/software/onboard/ros_workspace/install/hardware/share/hardware/package.dsv
-- Installing: /home/sv/ros/software/onboard/ros_workspace/install/hardware/share/ament_index/resource_index/packages/hardware
-- Installing: /home/sv/ros/software/onboard/ros_workspace/install/hardware/share/ament_index/resource_index/hardware_interface__pluginlib__plugin/hardware
-- Installing: /home/sv/ros/software/onboard/ros_workspace/install/hardware/share/hardware/cmake/ament_cmake_export_libraries-extras.cmake
-- Installing: /home/sv/ros/software/onboard/ros_workspace/install/hardware/share/hardware/cmake/ament_cmake_export_include_directories-extras.cmake
-- Installing: /home/sv/ros/software/onboard/ros_workspace/install/hardware/share/hardware/cmake/ament_cmake_export_dependencies-extras.cmake
-- Installing: /home/sv/ros/software/onboard/ros_workspace/install/hardware/share/hardware/cmake/hardwareConfig.cmake
-- Installing: /home/sv/ros/software/onboard/ros_workspace/install/hardware/share/hardware/cmake/hardwareConfig-version.cmake
-- Installing: /home/sv/ros/software/onboard/ros_workspace/install/hardware/share/hardware/package.xml
