-- The C compiler identification is GNU 13.3.0
-- The CXX compiler identification is GNU 13.3.0
-- Detecting C compiler ABI info
-- Detecting C compiler ABI info - done
-- Check for working C compiler: /usr/bin/cc - skipped
-- Detecting C compile features
-- Detecting C compile features - done
-- Detecting CXX compiler ABI info
-- Detecting CXX compiler ABI info - done
-- Check for working CXX compiler: /usr/bin/c++ - skipped
-- Detecting CXX compile features
-- Detecting CXX compile features - done
-- Found ament_cmake: 2.5.4 (/opt/ros/jazzy/share/ament_cmake/cmake)
-- Found Python3: /usr/bin/python3 (found version "3.12.3") found components: Interpreter 
-- Found rclcpp: 28.1.13 (/opt/ros/jazzy/share/rclcpp/cmake)
-- Found rosidl_generator_c: 4.6.6 (/opt/ros/jazzy/share/rosidl_generator_c/cmake)
-- Found rosidl_generator_cpp: 4.6.6 (/opt/ros/jazzy/share/rosidl_generator_cpp/cmake)
-- Using all available rosidl_typesupport_c: rosidl_typesupport_fastrtps_c;rosidl_typesupport_introspection_c
-- Using all available rosidl_typesupport_cpp: rosidl_typesupport_fastrtps_cpp;rosidl_typesupport_introspection_cpp
-- Found rmw_implementation_cmake: 7.3.2 (/opt/ros/jazzy/share/rmw_implementation_cmake/cmake)
-- Found rmw_fastrtps_cpp: 8.4.3 (/opt/ros/jazzy/share/rmw_fastrtps_cpp/cmake)
-- Found OpenSSL: /usr/lib/x86_64-linux-gnu/libcrypto.so (found version "3.0.13")  
-- Found FastRTPS: /opt/ros/jazzy/include (Required is at least version "2.13") 
-- Using RMW implementation 'rmw_fastrtps_cpp' as default
-- Found std_msgs: 5.3.6 (/opt/ros/jazzy/share/std_msgs/cmake)
-- Found sensor_msgs: 5.3.6 (/opt/ros/jazzy/share/sensor_msgs/cmake)
-- Configuring done (2.6s)
-- Generating done (0.0s)
-- Build files have been written to: /home/sv/ros/software/onboard/ros_workspace/build/stepper_motor
[ 16%] [32mBuilding CXX object CMakeFiles/stepper_motor_controller.dir/src/stepper_motor_controller.cpp.o[0m
[ 33%] [32mBuilding CXX object CMakeFiles/stepper_motor_teleop.dir/src/stepper_motor_teleop.cpp.o[0m
[ 50%] [32m[1mLinking CXX static library libstepper_motor_controller.a[0m
[ 50%] Built target stepper_motor_controller
[ 66%] [32mBuilding CXX object CMakeFiles/stepper_motor_node.dir/src/stepper_motor_node.cpp.o[0m
[ 83%] [32m[1mLinking CXX executable stepper_motor_teleop[0m
[ 83%] Built target stepper_motor_teleop
[100%] [32m[1mLinking CXX executable stepper_motor_node[0m
[100%] Built target stepper_motor_node
-- Install configuration: ""
-- Installing: /home/sv/ros/software/onboard/ros_workspace/install/stepper_motor/lib/libstepper_motor_controller.a
-- Installing: /home/sv/ros/software/onboard/ros_workspace/install/stepper_motor/lib/stepper_motor/stepper_motor_node
-- Set non-toolchain portion of runtime path of "/home/sv/ros/software/onboard/ros_workspace/install/stepper_motor/lib/stepper_motor/stepper_motor_node" to ""
-- Installing: /home/sv/ros/software/onboard/ros_workspace/install/stepper_motor/lib/stepper_motor/stepper_motor_teleop
-- Set non-toolchain portion of runtime path of "/home/sv/ros/software/onboard/ros_workspace/install/stepper_motor/lib/stepper_motor/stepper_motor_teleop" to ""
-- Installing: /home/sv/ros/software/onboard/ros_workspace/install/stepper_motor/include
-- Installing: /home/sv/ros/software/onboard/ros_workspace/install/stepper_motor/include/stepper_motor_controller.h
-- Installing: /home/sv/ros/software/onboard/ros_workspace/install/stepper_motor/share/stepper_motor/config
-- Installing: /home/sv/ros/software/onboard/ros_workspace/install/stepper_motor/share/stepper_motor/config/stepper_motor_params.yaml
-- Installing: /home/sv/ros/software/onboard/ros_workspace/install/stepper_motor/share/stepper_motor/launch
-- Installing: /home/sv/ros/software/onboard/ros_workspace/install/stepper_motor/share/stepper_motor/launch/stepper_motor.launch.py
-- Installing: /home/sv/ros/software/onboard/ros_workspace/install/stepper_motor/share/stepper_motor/environment/library_path.sh
-- Installing: /home/sv/ros/software/onboard/ros_workspace/install/stepper_motor/share/stepper_motor/environment/library_path.dsv
-- Installing: /home/sv/ros/software/onboard/ros_workspace/install/stepper_motor/share/ament_index/resource_index/package_run_dependencies/stepper_motor
-- Installing: /home/sv/ros/software/onboard/ros_workspace/install/stepper_motor/share/ament_index/resource_index/parent_prefix_path/stepper_motor
-- Installing: /home/sv/ros/software/onboard/ros_workspace/install/stepper_motor/share/stepper_motor/environment/ament_prefix_path.sh
-- Installing: /home/sv/ros/software/onboard/ros_workspace/install/stepper_motor/share/stepper_motor/environment/ament_prefix_path.dsv
-- Installing: /home/sv/ros/software/onboard/ros_workspace/install/stepper_motor/share/stepper_motor/environment/path.sh
-- Installing: /home/sv/ros/software/onboard/ros_workspace/install/stepper_motor/share/stepper_motor/environment/path.dsv
-- Installing: /home/sv/ros/software/onboard/ros_workspace/install/stepper_motor/share/stepper_motor/local_setup.bash
-- Installing: /home/sv/ros/software/onboard/ros_workspace/install/stepper_motor/share/stepper_motor/local_setup.sh
-- Installing: /home/sv/ros/software/onboard/ros_workspace/install/stepper_motor/share/stepper_motor/local_setup.zsh
-- Installing: /home/sv/ros/software/onboard/ros_workspace/install/stepper_motor/share/stepper_motor/local_setup.dsv
-- Installing: /home/sv/ros/software/onboard/ros_workspace/install/stepper_motor/share/stepper_motor/package.dsv
-- Installing: /home/sv/ros/software/onboard/ros_workspace/install/stepper_motor/share/ament_index/resource_index/packages/stepper_motor
-- Installing: /home/sv/ros/software/onboard/ros_workspace/install/stepper_motor/share/stepper_motor/cmake/stepper_motor_controller_exportExport.cmake
-- Installing: /home/sv/ros/software/onboard/ros_workspace/install/stepper_motor/share/stepper_motor/cmake/stepper_motor_controller_exportExport-noconfig.cmake
-- Installing: /home/sv/ros/software/onboard/ros_workspace/install/stepper_motor/share/stepper_motor/cmake/ament_cmake_export_targets-extras.cmake
-- Installing: /home/sv/ros/software/onboard/ros_workspace/install/stepper_motor/share/stepper_motor/cmake/ament_cmake_export_dependencies-extras.cmake
-- Installing: /home/sv/ros/software/onboard/ros_workspace/install/stepper_motor/share/stepper_motor/cmake/stepper_motorConfig.cmake
-- Installing: /home/sv/ros/software/onboard/ros_workspace/install/stepper_motor/share/stepper_motor/cmake/stepper_motorConfig-version.cmake
-- Installing: /home/sv/ros/software/onboard/ros_workspace/install/stepper_motor/share/stepper_motor/package.xml
