[0.182s] Invoking command in '/home/sv/ros/software/onboard/ros_workspace/build/stepper_motor': CMAKE_PREFIX_PATH=${CMAKE_PREFIX_PATH}:/opt/ros/jazzy DEBUGINFOD_URLS=https://debuginfod.ubuntu.com /usr/bin/cmake /home/sv/ros/software/onboard/ros_workspace/src/stepper_motor -DCMAKE_INSTALL_PREFIX=/home/sv/ros/software/onboard/ros_workspace/install/stepper_motor
[0.232s] -- The C compiler identification is GNU 13.3.0
[0.281s] -- The CXX compiler identification is GNU 13.3.0
[0.295s] -- Detecting C compiler ABI info
[0.378s] -- Detecting C compiler ABI info - done
[0.386s] -- Check for working C compiler: /usr/bin/cc - skipped
[0.386s] -- Detecting C compile features
[0.386s] -- Detecting C compile features - done
[0.397s] -- Detecting CXX compiler ABI info
[0.495s] -- Detecting CXX compiler ABI info - done
[0.506s] -- Check for working CXX compiler: /usr/bin/c++ - skipped
[0.507s] -- Detecting CXX compile features
[0.511s] -- Detecting CXX compile features - done
[0.514s] -- Found ament_cmake: 2.5.4 (/opt/ros/jazzy/share/ament_cmake/cmake)
[0.657s] -- Found Python3: /usr/bin/python3 (found version "3.12.3") found components: Interpreter 
[0.777s] -- Found rclcpp: 28.1.13 (/opt/ros/jazzy/share/rclcpp/cmake)
[0.837s] -- Found rosidl_generator_c: 4.6.6 (/opt/ros/jazzy/share/rosidl_generator_c/cmake)
[0.854s] -- Found rosidl_generator_cpp: 4.6.6 (/opt/ros/jazzy/share/rosidl_generator_cpp/cmake)
[0.878s] -- Using all available rosidl_typesupport_c: rosidl_typesupport_fastrtps_c;rosidl_typesupport_introspection_c
[0.911s] -- Using all available rosidl_typesupport_cpp: rosidl_typesupport_fastrtps_cpp;rosidl_typesupport_introspection_cpp
[1.071s] -- Found rmw_implementation_cmake: 7.3.2 (/opt/ros/jazzy/share/rmw_implementation_cmake/cmake)
[1.084s] -- Found rmw_fastrtps_cpp: 8.4.3 (/opt/ros/jazzy/share/rmw_fastrtps_cpp/cmake)
[1.574s] -- Found OpenSSL: /usr/lib/x86_64-linux-gnu/libcrypto.so (found version "3.0.13")  
[1.667s] -- Found FastRTPS: /opt/ros/jazzy/include (Required is at least version "2.13") 
[1.763s] -- Using RMW implementation 'rmw_fastrtps_cpp' as default
[2.160s] -- Found std_msgs: 5.3.6 (/opt/ros/jazzy/share/std_msgs/cmake)
[2.245s] -- Found sensor_msgs: 5.3.6 (/opt/ros/jazzy/share/sensor_msgs/cmake)
[2.774s] -- Configuring done (2.6s)
[2.824s] -- Generating done (0.0s)
[2.846s] -- Build files have been written to: /home/sv/ros/software/onboard/ros_workspace/build/stepper_motor
[2.867s] Invoked command in '/home/sv/ros/software/onboard/ros_workspace/build/stepper_motor' returned '0': CMAKE_PREFIX_PATH=${CMAKE_PREFIX_PATH}:/opt/ros/jazzy DEBUGINFOD_URLS=https://debuginfod.ubuntu.com /usr/bin/cmake /home/sv/ros/software/onboard/ros_workspace/src/stepper_motor -DCMAKE_INSTALL_PREFIX=/home/sv/ros/software/onboard/ros_workspace/install/stepper_motor
[2.869s] Invoking command in '/home/sv/ros/software/onboard/ros_workspace/build/stepper_motor': CMAKE_PREFIX_PATH=${CMAKE_PREFIX_PATH}:/opt/ros/jazzy DEBUGINFOD_URLS=https://debuginfod.ubuntu.com /usr/bin/cmake --build /home/sv/ros/software/onboard/ros_workspace/build/stepper_motor -- -j16 -l16
[3.051s] [ 16%] [32mBuilding CXX object CMakeFiles/stepper_motor_controller.dir/src/stepper_motor_controller.cpp.o[0m
[3.052s] [ 33%] [32mBuilding CXX object CMakeFiles/stepper_motor_teleop.dir/src/stepper_motor_teleop.cpp.o[0m
[3.895s] [ 50%] [32m[1mLinking CXX static library libstepper_motor_controller.a[0m
[3.997s] [ 50%] Built target stepper_motor_controller
[4.071s] [ 66%] [32mBuilding CXX object CMakeFiles/stepper_motor_node.dir/src/stepper_motor_node.cpp.o[0m
[15.320s] [ 83%] [32m[1mLinking CXX executable stepper_motor_teleop[0m
[15.855s] [ 83%] Built target stepper_motor_teleop
[28.875s] [100%] [32m[1mLinking CXX executable stepper_motor_node[0m
[29.718s] [100%] Built target stepper_motor_node
[29.747s] Invoked command in '/home/sv/ros/software/onboard/ros_workspace/build/stepper_motor' returned '0': CMAKE_PREFIX_PATH=${CMAKE_PREFIX_PATH}:/opt/ros/jazzy DEBUGINFOD_URLS=https://debuginfod.ubuntu.com /usr/bin/cmake --build /home/sv/ros/software/onboard/ros_workspace/build/stepper_motor -- -j16 -l16
[29.751s] Invoking command in '/home/sv/ros/software/onboard/ros_workspace/build/stepper_motor': CMAKE_PREFIX_PATH=${CMAKE_PREFIX_PATH}:/opt/ros/jazzy DEBUGINFOD_URLS=https://debuginfod.ubuntu.com /usr/bin/cmake --install /home/sv/ros/software/onboard/ros_workspace/build/stepper_motor
[29.784s] -- Install configuration: ""
[29.784s] -- Installing: /home/sv/ros/software/onboard/ros_workspace/install/stepper_motor/lib/libstepper_motor_controller.a
[29.785s] -- Installing: /home/sv/ros/software/onboard/ros_workspace/install/stepper_motor/lib/stepper_motor/stepper_motor_node
[29.803s] -- Set non-toolchain portion of runtime path of "/home/sv/ros/software/onboard/ros_workspace/install/stepper_motor/lib/stepper_motor/stepper_motor_node" to ""
[29.803s] -- Installing: /home/sv/ros/software/onboard/ros_workspace/install/stepper_motor/lib/stepper_motor/stepper_motor_teleop
[29.807s] -- Set non-toolchain portion of runtime path of "/home/sv/ros/software/onboard/ros_workspace/install/stepper_motor/lib/stepper_motor/stepper_motor_teleop" to ""
[29.807s] -- Installing: /home/sv/ros/software/onboard/ros_workspace/install/stepper_motor/include
[29.807s] -- Installing: /home/sv/ros/software/onboard/ros_workspace/install/stepper_motor/include/stepper_motor_controller.h
[29.808s] -- Installing: /home/sv/ros/software/onboard/ros_workspace/install/stepper_motor/share/stepper_motor/config
[29.808s] -- Installing: /home/sv/ros/software/onboard/ros_workspace/install/stepper_motor/share/stepper_motor/config/stepper_motor_params.yaml
[29.808s] -- Installing: /home/sv/ros/software/onboard/ros_workspace/install/stepper_motor/share/stepper_motor/launch
[29.808s] -- Installing: /home/sv/ros/software/onboard/ros_workspace/install/stepper_motor/share/stepper_motor/launch/stepper_motor.launch.py
[29.809s] -- Installing: /home/sv/ros/software/onboard/ros_workspace/install/stepper_motor/share/stepper_motor/environment/library_path.sh
[29.810s] -- Installing: /home/sv/ros/software/onboard/ros_workspace/install/stepper_motor/share/stepper_motor/environment/library_path.dsv
[29.810s] -- Installing: /home/sv/ros/software/onboard/ros_workspace/install/stepper_motor/share/ament_index/resource_index/package_run_dependencies/stepper_motor
[29.811s] -- Installing: /home/sv/ros/software/onboard/ros_workspace/install/stepper_motor/share/ament_index/resource_index/parent_prefix_path/stepper_motor
[29.811s] -- Installing: /home/sv/ros/software/onboard/ros_workspace/install/stepper_motor/share/stepper_motor/environment/ament_prefix_path.sh
[29.812s] -- Installing: /home/sv/ros/software/onboard/ros_workspace/install/stepper_motor/share/stepper_motor/environment/ament_prefix_path.dsv
[29.812s] -- Installing: /home/sv/ros/software/onboard/ros_workspace/install/stepper_motor/share/stepper_motor/environment/path.sh
[29.813s] -- Installing: /home/sv/ros/software/onboard/ros_workspace/install/stepper_motor/share/stepper_motor/environment/path.dsv
[29.813s] -- Installing: /home/sv/ros/software/onboard/ros_workspace/install/stepper_motor/share/stepper_motor/local_setup.bash
[29.813s] -- Installing: /home/sv/ros/software/onboard/ros_workspace/install/stepper_motor/share/stepper_motor/local_setup.sh
[29.814s] -- Installing: /home/sv/ros/software/onboard/ros_workspace/install/stepper_motor/share/stepper_motor/local_setup.zsh
[29.814s] -- Installing: /home/sv/ros/software/onboard/ros_workspace/install/stepper_motor/share/stepper_motor/local_setup.dsv
[29.815s] -- Installing: /home/sv/ros/software/onboard/ros_workspace/install/stepper_motor/share/stepper_motor/package.dsv
[29.815s] -- Installing: /home/sv/ros/software/onboard/ros_workspace/install/stepper_motor/share/ament_index/resource_index/packages/stepper_motor
[29.816s] -- Installing: /home/sv/ros/software/onboard/ros_workspace/install/stepper_motor/share/stepper_motor/cmake/stepper_motor_controller_exportExport.cmake
[29.816s] -- Installing: /home/sv/ros/software/onboard/ros_workspace/install/stepper_motor/share/stepper_motor/cmake/stepper_motor_controller_exportExport-noconfig.cmake
[29.817s] -- Installing: /home/sv/ros/software/onboard/ros_workspace/install/stepper_motor/share/stepper_motor/cmake/ament_cmake_export_targets-extras.cmake
[29.817s] -- Installing: /home/sv/ros/software/onboard/ros_workspace/install/stepper_motor/share/stepper_motor/cmake/ament_cmake_export_dependencies-extras.cmake
[29.817s] -- Installing: /home/sv/ros/software/onboard/ros_workspace/install/stepper_motor/share/stepper_motor/cmake/stepper_motorConfig.cmake
[29.818s] -- Installing: /home/sv/ros/software/onboard/ros_workspace/install/stepper_motor/share/stepper_motor/cmake/stepper_motorConfig-version.cmake
[29.818s] -- Installing: /home/sv/ros/software/onboard/ros_workspace/install/stepper_motor/share/stepper_motor/package.xml
[29.822s] Invoked command in '/home/sv/ros/software/onboard/ros_workspace/build/stepper_motor' returned '0': CMAKE_PREFIX_PATH=${CMAKE_PREFIX_PATH}:/opt/ros/jazzy DEBUGINFOD_URLS=https://debuginfod.ubuntu.com /usr/bin/cmake --install /home/sv/ros/software/onboard/ros_workspace/build/stepper_motor
