[0.850s] Invoking command in '/home/sv/ros/software/offboard/ros_workspace/build/warehouse_robot_bringup': CMAKE_PREFIX_PATH=${CMAKE_PREFIX_PATH}:/opt/ros/jazzy DEBUGINFOD_URLS=https://debuginfod.ubuntu.com /usr/bin/cmake /home/sv/ros/software/offboard/ros_workspace/src/warehouse_robot_bringup -DCMAKE_INSTALL_PREFIX=/home/sv/ros/software/offboard/ros_workspace/install/warehouse_robot_bringup
[1.117s] -- The C compiler identification is GNU 13.3.0
[1.357s] -- The CXX compiler identification is GNU 13.3.0
[1.440s] -- Detecting C compiler ABI info
[1.805s] -- Detecting C compiler ABI info - done
[1.847s] -- Check for working C compiler: /usr/bin/cc - skipped
[1.848s] -- Detecting C compile features
[1.850s] -- Detecting C compile features - done
[1.893s] -- Detecting CXX compiler ABI info
[2.347s] -- Detecting CXX compiler ABI info - done
[2.385s] -- Check for working CXX compiler: /usr/bin/c++ - skipped
[2.386s] -- Detecting CXX compile features
[2.388s] -- Detecting CXX compile features - done
[2.417s] -- Found ament_cmake: 2.5.4 (/opt/ros/jazzy/share/ament_cmake/cmake)
[2.972s] -- Found Python3: /usr/bin/python3 (found version "3.12.3") found components: Interpreter 
[3.862s] -- Configuring done (3.0s)
[3.879s] -- Generating done (0.0s)
[3.896s] -- Build files have been written to: /home/sv/ros/software/offboard/ros_workspace/build/warehouse_robot_bringup
[3.931s] Invoked command in '/home/sv/ros/software/offboard/ros_workspace/build/warehouse_robot_bringup' returned '0': CMAKE_PREFIX_PATH=${CMAKE_PREFIX_PATH}:/opt/ros/jazzy DEBUGINFOD_URLS=https://debuginfod.ubuntu.com /usr/bin/cmake /home/sv/ros/software/offboard/ros_workspace/src/warehouse_robot_bringup -DCMAKE_INSTALL_PREFIX=/home/sv/ros/software/offboard/ros_workspace/install/warehouse_robot_bringup
[3.933s] Invoking command in '/home/sv/ros/software/offboard/ros_workspace/build/warehouse_robot_bringup': CMAKE_PREFIX_PATH=${CMAKE_PREFIX_PATH}:/opt/ros/jazzy DEBUGINFOD_URLS=https://debuginfod.ubuntu.com /usr/bin/cmake --build /home/sv/ros/software/offboard/ros_workspace/build/warehouse_robot_bringup -- -j16 -l16
[4.138s] Invoked command in '/home/sv/ros/software/offboard/ros_workspace/build/warehouse_robot_bringup' returned '0': CMAKE_PREFIX_PATH=${CMAKE_PREFIX_PATH}:/opt/ros/jazzy DEBUGINFOD_URLS=https://debuginfod.ubuntu.com /usr/bin/cmake --build /home/sv/ros/software/offboard/ros_workspace/build/warehouse_robot_bringup -- -j16 -l16
[4.190s] Invoking command in '/home/sv/ros/software/offboard/ros_workspace/build/warehouse_robot_bringup': CMAKE_PREFIX_PATH=${CMAKE_PREFIX_PATH}:/opt/ros/jazzy DEBUGINFOD_URLS=https://debuginfod.ubuntu.com /usr/bin/cmake --install /home/sv/ros/software/offboard/ros_workspace/build/warehouse_robot_bringup
[4.234s] -- Install configuration: ""
[4.234s] -- Installing: /home/sv/ros/software/offboard/ros_workspace/install/warehouse_robot_bringup/share/warehouse_robot_bringup/launch
[4.235s] -- Installing: /home/sv/ros/software/offboard/ros_workspace/install/warehouse_robot_bringup/share/warehouse_robot_bringup/launch/offboard.launch.py
[4.236s] -- Installing: /home/sv/ros/software/offboard/ros_workspace/install/warehouse_robot_bringup/share/ament_index/resource_index/package_run_dependencies/warehouse_robot_bringup
[4.237s] -- Installing: /home/sv/ros/software/offboard/ros_workspace/install/warehouse_robot_bringup/share/ament_index/resource_index/parent_prefix_path/warehouse_robot_bringup
[4.238s] -- Installing: /home/sv/ros/software/offboard/ros_workspace/install/warehouse_robot_bringup/share/warehouse_robot_bringup/environment/ament_prefix_path.sh
[4.238s] -- Installing: /home/sv/ros/software/offboard/ros_workspace/install/warehouse_robot_bringup/share/warehouse_robot_bringup/environment/ament_prefix_path.dsv
[4.239s] -- Installing: /home/sv/ros/software/offboard/ros_workspace/install/warehouse_robot_bringup/share/warehouse_robot_bringup/environment/path.sh
[4.240s] -- Installing: /home/sv/ros/software/offboard/ros_workspace/install/warehouse_robot_bringup/share/warehouse_robot_bringup/environment/path.dsv
[4.240s] -- Installing: /home/sv/ros/software/offboard/ros_workspace/install/warehouse_robot_bringup/share/warehouse_robot_bringup/local_setup.bash
[4.241s] -- Installing: /home/sv/ros/software/offboard/ros_workspace/install/warehouse_robot_bringup/share/warehouse_robot_bringup/local_setup.sh
[4.242s] -- Installing: /home/sv/ros/software/offboard/ros_workspace/install/warehouse_robot_bringup/share/warehouse_robot_bringup/local_setup.zsh
[4.243s] -- Installing: /home/sv/ros/software/offboard/ros_workspace/install/warehouse_robot_bringup/share/warehouse_robot_bringup/local_setup.dsv
[4.243s] -- Installing: /home/sv/ros/software/offboard/ros_workspace/install/warehouse_robot_bringup/share/warehouse_robot_bringup/package.dsv
[4.244s] -- Installing: /home/sv/ros/software/offboard/ros_workspace/install/warehouse_robot_bringup/share/ament_index/resource_index/packages/warehouse_robot_bringup
[4.245s] -- Installing: /home/sv/ros/software/offboard/ros_workspace/install/warehouse_robot_bringup/share/warehouse_robot_bringup/cmake/warehouse_robot_bringupConfig.cmake
[4.245s] -- Installing: /home/sv/ros/software/offboard/ros_workspace/install/warehouse_robot_bringup/share/warehouse_robot_bringup/cmake/warehouse_robot_bringupConfig-version.cmake
[4.246s] -- Installing: /home/sv/ros/software/offboard/ros_workspace/install/warehouse_robot_bringup/share/warehouse_robot_bringup/package.xml
[4.252s] Invoked command in '/home/sv/ros/software/offboard/ros_workspace/build/warehouse_robot_bringup' returned '0': CMAKE_PREFIX_PATH=${CMAKE_PREFIX_PATH}:/opt/ros/jazzy DEBUGINFOD_URLS=https://debuginfod.ubuntu.com /usr/bin/cmake --install /home/sv/ros/software/offboard/ros_workspace/build/warehouse_robot_bringup
