[0.178s] Invoking command in '/home/sv/ros/software/onboard/ros_workspace/build/warehouse_robot_bringup': CMAKE_PREFIX_PATH=${CMAKE_PREFIX_PATH}:/opt/ros/jazzy DEBUGINFOD_URLS=https://debuginfod.ubuntu.com /usr/bin/cmake /home/sv/ros/software/onboard/ros_workspace/src/warehouse_robot_bringup -DCMAKE_INSTALL_PREFIX=/home/sv/ros/software/onboard/ros_workspace/install/warehouse_robot_bringup
[0.228s] -- The C compiler identification is GNU 13.3.0
[0.276s] -- The CXX compiler identification is GNU 13.3.0
[0.291s] -- Detecting C compiler ABI info
[0.373s] -- Detecting C compiler ABI info - done
[0.381s] -- Check for working C compiler: /usr/bin/cc - skipped
[0.381s] -- Detecting C compile features
[0.382s] -- Detecting C compile features - done
[0.392s] -- Detecting CXX compiler ABI info
[0.490s] -- Detecting CXX compiler ABI info - done
[0.500s] -- Check for working CXX compiler: /usr/bin/c++ - skipped
[0.500s] -- Detecting CXX compile features
[0.502s] -- Detecting CXX compile features - done
[0.509s] -- Found ament_cmake: 2.5.4 (/opt/ros/jazzy/share/ament_cmake/cmake)
[0.652s] -- Found Python3: /usr/bin/python3 (found version "3.12.3") found components: Interpreter 
[0.853s] -- Configuring done (0.7s)
[0.857s] -- Generating done (0.0s)
[0.859s] -- Build files have been written to: /home/sv/ros/software/onboard/ros_workspace/build/warehouse_robot_bringup
[0.865s] Invoked command in '/home/sv/ros/software/onboard/ros_workspace/build/warehouse_robot_bringup' returned '0': CMAKE_PREFIX_PATH=${CMAKE_PREFIX_PATH}:/opt/ros/jazzy DEBUGINFOD_URLS=https://debuginfod.ubuntu.com /usr/bin/cmake /home/sv/ros/software/onboard/ros_workspace/src/warehouse_robot_bringup -DCMAKE_INSTALL_PREFIX=/home/sv/ros/software/onboard/ros_workspace/install/warehouse_robot_bringup
[0.866s] Invoking command in '/home/sv/ros/software/onboard/ros_workspace/build/warehouse_robot_bringup': CMAKE_PREFIX_PATH=${CMAKE_PREFIX_PATH}:/opt/ros/jazzy DEBUGINFOD_URLS=https://debuginfod.ubuntu.com /usr/bin/cmake --build /home/sv/ros/software/onboard/ros_workspace/build/warehouse_robot_bringup -- -j16 -l16
[0.940s] Invoked command in '/home/sv/ros/software/onboard/ros_workspace/build/warehouse_robot_bringup' returned '0': CMAKE_PREFIX_PATH=${CMAKE_PREFIX_PATH}:/opt/ros/jazzy DEBUGINFOD_URLS=https://debuginfod.ubuntu.com /usr/bin/cmake --build /home/sv/ros/software/onboard/ros_workspace/build/warehouse_robot_bringup -- -j16 -l16
[0.941s] Invoking command in '/home/sv/ros/software/onboard/ros_workspace/build/warehouse_robot_bringup': CMAKE_PREFIX_PATH=${CMAKE_PREFIX_PATH}:/opt/ros/jazzy DEBUGINFOD_URLS=https://debuginfod.ubuntu.com /usr/bin/cmake --install /home/sv/ros/software/onboard/ros_workspace/build/warehouse_robot_bringup
[0.951s] -- Install configuration: ""
[0.951s] -- Installing: /home/sv/ros/software/onboard/ros_workspace/install/warehouse_robot_bringup/share/warehouse_robot_bringup/launch
[0.951s] -- Installing: /home/sv/ros/software/onboard/ros_workspace/install/warehouse_robot_bringup/share/warehouse_robot_bringup/launch/onboard.launch.py
[0.951s] -- Installing: /home/sv/ros/software/onboard/ros_workspace/install/warehouse_robot_bringup/share/warehouse_robot_bringup/config
[0.951s] -- Installing: /home/sv/ros/software/onboard/ros_workspace/install/warehouse_robot_bringup/share/warehouse_robot_bringup/config/my_robot_controllers.yaml
[0.952s] -- Installing: /home/sv/ros/software/onboard/ros_workspace/install/warehouse_robot_bringup/share/ament_index/resource_index/package_run_dependencies/warehouse_robot_bringup
[0.952s] -- Installing: /home/sv/ros/software/onboard/ros_workspace/install/warehouse_robot_bringup/share/ament_index/resource_index/parent_prefix_path/warehouse_robot_bringup
[0.952s] -- Installing: /home/sv/ros/software/onboard/ros_workspace/install/warehouse_robot_bringup/share/warehouse_robot_bringup/environment/ament_prefix_path.sh
[0.952s] -- Installing: /home/sv/ros/software/onboard/ros_workspace/install/warehouse_robot_bringup/share/warehouse_robot_bringup/environment/ament_prefix_path.dsv
[0.953s] -- Installing: /home/sv/ros/software/onboard/ros_workspace/install/warehouse_robot_bringup/share/warehouse_robot_bringup/environment/path.sh
[0.953s] -- Installing: /home/sv/ros/software/onboard/ros_workspace/install/warehouse_robot_bringup/share/warehouse_robot_bringup/environment/path.dsv
[0.953s] -- Installing: /home/sv/ros/software/onboard/ros_workspace/install/warehouse_robot_bringup/share/warehouse_robot_bringup/local_setup.bash
[0.954s] -- Installing: /home/sv/ros/software/onboard/ros_workspace/install/warehouse_robot_bringup/share/warehouse_robot_bringup/local_setup.sh
[0.955s] -- Installing: /home/sv/ros/software/onboard/ros_workspace/install/warehouse_robot_bringup/share/warehouse_robot_bringup/local_setup.zsh
[0.955s] -- Installing: /home/sv/ros/software/onboard/ros_workspace/install/warehouse_robot_bringup/share/warehouse_robot_bringup/local_setup.dsv
[0.955s] -- Installing: /home/sv/ros/software/onboard/ros_workspace/install/warehouse_robot_bringup/share/warehouse_robot_bringup/package.dsv
[0.955s] -- Installing: /home/sv/ros/software/onboard/ros_workspace/install/warehouse_robot_bringup/share/ament_index/resource_index/packages/warehouse_robot_bringup
[0.955s] -- Installing: /home/sv/ros/software/onboard/ros_workspace/install/warehouse_robot_bringup/share/warehouse_robot_bringup/cmake/warehouse_robot_bringupConfig.cmake
[0.955s] -- Installing: /home/sv/ros/software/onboard/ros_workspace/install/warehouse_robot_bringup/share/warehouse_robot_bringup/cmake/warehouse_robot_bringupConfig-version.cmake
[0.956s] -- Installing: /home/sv/ros/software/onboard/ros_workspace/install/warehouse_robot_bringup/share/warehouse_robot_bringup/package.xml
[0.978s] Invoked command in '/home/sv/ros/software/onboard/ros_workspace/build/warehouse_robot_bringup' returned '0': CMAKE_PREFIX_PATH=${CMAKE_PREFIX_PATH}:/opt/ros/jazzy DEBUGINFOD_URLS=https://debuginfod.ubuntu.com /usr/bin/cmake --install /home/sv/ros/software/onboard/ros_workspace/build/warehouse_robot_bringup
